This is pdfTeX, Version 3.14159265-2.6-1.40.16 (TeX Live 2015) (preloaded format=pdflatex 2015.10.20)  15 MAR 2019 12:08
entering extended mode
 restricted \write18 enabled.
 file:line:error style messages enabled.
 %&-line parsing enabled.
**SG-DG-Helmholtz.tex
(./SG-DG-Helmholtz.tex
LaTeX2e <2015/10/01> patch level 1
Babel <3.9m> and hyphenation patterns for 79 languages loaded.
(/usr/local/texlive/2015/texmf-dist/tex/latex/elsarticle/elsarticle.cls
Document Class: elsarticle 2009/09/17, 1.2.0: Elsevier Ltd
\@bls=\dimen102
(/usr/local/texlive/2015/texmf-dist/tex/latex/base/article.cls
Document Class: article 2014/09/29 v1.4h Standard LaTeX document class
(/usr/local/texlive/2015/texmf-dist/tex/latex/base/size11.clo
File: size11.clo 2014/09/29 v1.4h Standard LaTeX file (size option)
)
\c@part=\count79
\c@section=\count80
\c@subsection=\count81
\c@subsubsection=\count82
\c@paragraph=\count83
\c@subparagraph=\count84
\c@figure=\count85
\c@table=\count86
\abovecaptionskip=\skip41
\belowcaptionskip=\skip42
\bibindent=\dimen103
)
(/usr/local/texlive/2015/texmf-dist/tex/latex/graphics/graphicx.sty
Package: graphicx 2014/10/28 v1.0g Enhanced LaTeX Graphics (DPC,SPQR)

(/usr/local/texlive/2015/texmf-dist/tex/latex/graphics/keyval.sty
Package: keyval 2014/10/28 v1.15 key=value parser (DPC)
\KV@toks@=\toks14
)
(/usr/local/texlive/2015/texmf-dist/tex/latex/graphics/graphics.sty
Package: graphics 2014/10/28 v1.0p Standard LaTeX Graphics (DPC,SPQR)

(/usr/local/texlive/2015/texmf-dist/tex/latex/graphics/trig.sty
Package: trig 1999/03/16 v1.09 sin cos tan (DPC)
)
(/usr/local/texlive/2015/texmf-dist/tex/latex/latexconfig/graphics.cfg
File: graphics.cfg 2010/04/23 v1.9 graphics configuration of TeX Live
)
Package graphics Info: Driver file: pdftex.def on input line 94.

(/usr/local/texlive/2015/texmf-dist/tex/latex/pdftex-def/pdftex.def
File: pdftex.def 2011/05/27 v0.06d Graphics/color for pdfTeX

(/usr/local/texlive/2015/texmf-dist/tex/generic/oberdiek/infwarerr.sty
Package: infwarerr 2010/04/08 v1.3 Providing info/warning/error messages (HO)
)
(/usr/local/texlive/2015/texmf-dist/tex/generic/oberdiek/ltxcmds.sty
Package: ltxcmds 2011/11/09 v1.22 LaTeX kernel commands for general use (HO)
)
\Gread@gobject=\count87
))
\Gin@req@height=\dimen104
\Gin@req@width=\dimen105
)
(/usr/local/texlive/2015/texmf-dist/tex/latex/psnfss/pifont.sty
Package: pifont 2005/04/12 PSNFSS-v9.2a Pi font support (SPQR) 
LaTeX Font Info:    Try loading font information for U+pzd on input line 63.

(/usr/local/texlive/2015/texmf-dist/tex/latex/psnfss/upzd.fd
File: upzd.fd 2001/06/04 font definitions for U/pzd.
)
LaTeX Font Info:    Try loading font information for U+psy on input line 64.

(/usr/local/texlive/2015/texmf-dist/tex/latex/psnfss/upsy.fd
File: upsy.fd 2001/06/04 font definitions for U/psy.
))
\c@tnote=\count88
\c@fnote=\count89
\c@cnote=\count90
\c@ead=\count91
\c@author=\count92
\@eadauthor=\toks15
\c@affn=\count93
\absbox=\box26
\keybox=\box27
\Columnwidth=\dimen106
\space@left=\dimen107
\els@boxa=\box28
\els@boxb=\box29
\leftMargin=\dimen108
\@enLab=\toks16
\@sep=\skip43
\@@sep=\skip44

(./SG-DG-Helmholtz.spl)
(/usr/local/texlive/2015/texmf-dist/tex/latex/natbib/natbib.sty
Package: natbib 2010/09/13 8.31b (PWD, AO)
\bibhang=\skip45
\bibsep=\skip46
LaTeX Info: Redefining \cite on input line 694.
\c@NAT@ctr=\count94
)
\splwrite=\write3
\openout3 = `SG-DG-Helmholtz.spl'.

)
(/usr/local/texlive/2015/texmf-dist/tex/latex/graphics/epsfig.sty
Package: epsfig 1999/02/16 v1.7a (e)psfig emulation (SPQR)
\epsfxsize=\dimen109
\epsfysize=\dimen110
)
(/usr/local/texlive/2015/texmf-dist/tex/latex/amsfonts/amssymb.sty
Package: amssymb 2013/01/14 v3.01 AMS font symbols

(/usr/local/texlive/2015/texmf-dist/tex/latex/amsfonts/amsfonts.sty
Package: amsfonts 2013/01/14 v3.01 Basic AMSFonts support
\@emptytoks=\toks17
\symAMSa=\mathgroup4
\symAMSb=\mathgroup5
LaTeX Font Info:    Overwriting math alphabet `\mathfrak' in version `bold'
(Font)                  U/euf/m/n --> U/euf/b/n on input line 106.
))
(/usr/local/texlive/2015/texmf-dist/tex/latex/amsmath/amsmath.sty
Package: amsmath 2013/01/14 v2.14 AMS math features
\@mathmargin=\skip47

For additional information on amsmath, use the `?' option.
(/usr/local/texlive/2015/texmf-dist/tex/latex/amsmath/amstext.sty
Package: amstext 2000/06/29 v2.01

(/usr/local/texlive/2015/texmf-dist/tex/latex/amsmath/amsgen.sty
File: amsgen.sty 1999/11/30 v2.0
\@emptytoks=\toks18
\ex@=\dimen111
))
(/usr/local/texlive/2015/texmf-dist/tex/latex/amsmath/amsbsy.sty
Package: amsbsy 1999/11/29 v1.2d
\pmbraise@=\dimen112
)
(/usr/local/texlive/2015/texmf-dist/tex/latex/amsmath/amsopn.sty
Package: amsopn 1999/12/14 v2.01 operator names
)
\inf@bad=\count95
LaTeX Info: Redefining \frac on input line 210.
\uproot@=\count96
\leftroot@=\count97
LaTeX Info: Redefining \overline on input line 306.
\classnum@=\count98
\DOTSCASE@=\count99
LaTeX Info: Redefining \ldots on input line 378.
LaTeX Info: Redefining \dots on input line 381.
LaTeX Info: Redefining \cdots on input line 466.
\Mathstrutbox@=\box30
\strutbox@=\box31
\big@size=\dimen113
LaTeX Font Info:    Redeclaring font encoding OML on input line 566.
LaTeX Font Info:    Redeclaring font encoding OMS on input line 567.
\macc@depth=\count100
\c@MaxMatrixCols=\count101
\dotsspace@=\muskip10
\c@parentequation=\count102
\dspbrk@lvl=\count103
\tag@help=\toks19
\row@=\count104
\column@=\count105
\maxfields@=\count106
\andhelp@=\toks20
\eqnshift@=\dimen114
\alignsep@=\dimen115
\tagshift@=\dimen116
\tagwidth@=\dimen117
\totwidth@=\dimen118
\lineht@=\dimen119
\@envbody=\toks21
\multlinegap=\skip48
\multlinetaggap=\skip49
\mathdisplay@stack=\toks22
LaTeX Info: Redefining \[ on input line 2665.
LaTeX Info: Redefining \] on input line 2666.
)
(/usr/local/texlive/2015/texmf-dist/tex/latex/tools/bm.sty
Package: bm 2014/10/28 v1.1c Bold Symbol Support (DPC/FMi)
\symboldoperators=\mathgroup6
\symboldletters=\mathgroup7
\symboldsymbols=\mathgroup8
LaTeX Font Info:    Redeclaring math alphabet \mathbf on input line 141.
LaTeX Info: Redefining \bm on input line 207.
)
(/usr/local/texlive/2015/texmf-dist/tex/latex/float/float.sty
Package: float 2001/11/08 v1.3d Float enhancements (AL)
\c@float@type=\count107
\float@exts=\toks23
\float@box=\box32
\@float@everytoks=\toks24
\@floatcapt=\box33
)
(/usr/local/texlive/2015/texmf-dist/tex/latex/pgf/frontendlayer/tikz.sty
(/usr/local/texlive/2015/texmf-dist/tex/latex/pgf/basiclayer/pgf.sty
(/usr/local/texlive/2015/texmf-dist/tex/latex/pgf/utilities/pgfrcs.sty
(/usr/local/texlive/2015/texmf-dist/tex/generic/pgf/utilities/pgfutil-common.te
x
\pgfutil@everybye=\toks25
\pgfutil@tempdima=\dimen120
\pgfutil@tempdimb=\dimen121

(/usr/local/texlive/2015/texmf-dist/tex/generic/pgf/utilities/pgfutil-common-li
sts.tex))
(/usr/local/texlive/2015/texmf-dist/tex/generic/pgf/utilities/pgfutil-latex.def
\pgfutil@abb=\box34
(/usr/local/texlive/2015/texmf-dist/tex/latex/ms/everyshi.sty
Package: everyshi 2001/05/15 v3.00 EveryShipout Package (MS)
))
(/usr/local/texlive/2015/texmf-dist/tex/generic/pgf/utilities/pgfrcs.code.tex
Package: pgfrcs 2015/08/07 v3.0.1a (rcs-revision 1.31)
))
Package: pgf 2015/08/07 v3.0.1a (rcs-revision 1.15)
(/usr/local/texlive/2015/texmf-dist/tex/latex/pgf/basiclayer/pgfcore.sty
(/usr/local/texlive/2015/texmf-dist/tex/latex/pgf/systemlayer/pgfsys.sty
(/usr/local/texlive/2015/texmf-dist/tex/generic/pgf/systemlayer/pgfsys.code.tex
Package: pgfsys 2014/07/09 v3.0.1a (rcs-revision 1.48)
(/usr/local/texlive/2015/texmf-dist/tex/generic/pgf/utilities/pgfkeys.code.tex
\pgfkeys@pathtoks=\toks26
\pgfkeys@temptoks=\toks27

(/usr/local/texlive/2015/texmf-dist/tex/generic/pgf/utilities/pgfkeysfiltered.c
ode.tex
\pgfkeys@tmptoks=\toks28
))
\pgf@x=\dimen122
\pgf@y=\dimen123
\pgf@xa=\dimen124
\pgf@ya=\dimen125
\pgf@xb=\dimen126
\pgf@yb=\dimen127
\pgf@xc=\dimen128
\pgf@yc=\dimen129
\w@pgf@writea=\write4
\r@pgf@reada=\read1
\c@pgf@counta=\count108
\c@pgf@countb=\count109
\c@pgf@countc=\count110
\c@pgf@countd=\count111
\t@pgf@toka=\toks29
\t@pgf@tokb=\toks30
\t@pgf@tokc=\toks31

(/usr/local/texlive/2015/texmf-dist/tex/generic/pgf/systemlayer/pgf.cfg
File: pgf.cfg 2008/05/14  (rcs-revision 1.7)
)
Driver file for pgf: pgfsys-pdftex.def

(/usr/local/texlive/2015/texmf-dist/tex/generic/pgf/systemlayer/pgfsys-pdftex.d
ef
File: pgfsys-pdftex.def 2014/10/11  (rcs-revision 1.35)

(/usr/local/texlive/2015/texmf-dist/tex/generic/pgf/systemlayer/pgfsys-common-p
df.def
File: pgfsys-common-pdf.def 2013/10/10  (rcs-revision 1.13)
)))
(/usr/local/texlive/2015/texmf-dist/tex/generic/pgf/systemlayer/pgfsyssoftpath.
code.tex
File: pgfsyssoftpath.code.tex 2013/09/09  (rcs-revision 1.9)
\pgfsyssoftpath@smallbuffer@items=\count112
\pgfsyssoftpath@bigbuffer@items=\count113
)
(/usr/local/texlive/2015/texmf-dist/tex/generic/pgf/systemlayer/pgfsysprotocol.
code.tex
File: pgfsysprotocol.code.tex 2006/10/16  (rcs-revision 1.4)
)) (/usr/local/texlive/2015/texmf-dist/tex/latex/xcolor/xcolor.sty
Package: xcolor 2007/01/21 v2.11 LaTeX color extensions (UK)

(/usr/local/texlive/2015/texmf-dist/tex/latex/latexconfig/color.cfg
File: color.cfg 2007/01/18 v1.5 color configuration of teTeX/TeXLive
)
Package xcolor Info: Driver file: pdftex.def on input line 225.
Package xcolor Info: Model `cmy' substituted by `cmy0' on input line 1337.
Package xcolor Info: Model `hsb' substituted by `rgb' on input line 1341.
Package xcolor Info: Model `RGB' extended on input line 1353.
Package xcolor Info: Model `HTML' substituted by `rgb' on input line 1355.
Package xcolor Info: Model `Hsb' substituted by `hsb' on input line 1356.
Package xcolor Info: Model `tHsb' substituted by `hsb' on input line 1357.
Package xcolor Info: Model `HSB' substituted by `hsb' on input line 1358.
Package xcolor Info: Model `Gray' substituted by `gray' on input line 1359.
Package xcolor Info: Model `wave' substituted by `hsb' on input line 1360.
)
(/usr/local/texlive/2015/texmf-dist/tex/generic/pgf/basiclayer/pgfcore.code.tex
Package: pgfcore 2010/04/11 v3.0.1a (rcs-revision 1.7)
(/usr/local/texlive/2015/texmf-dist/tex/generic/pgf/math/pgfmath.code.tex
(/usr/local/texlive/2015/texmf-dist/tex/generic/pgf/math/pgfmathcalc.code.tex
(/usr/local/texlive/2015/texmf-dist/tex/generic/pgf/math/pgfmathutil.code.tex)
(/usr/local/texlive/2015/texmf-dist/tex/generic/pgf/math/pgfmathparser.code.tex
\pgfmath@dimen=\dimen130
\pgfmath@count=\count114
\pgfmath@box=\box35
\pgfmath@toks=\toks32
\pgfmath@stack@operand=\toks33
\pgfmath@stack@operation=\toks34
)
(/usr/local/texlive/2015/texmf-dist/tex/generic/pgf/math/pgfmathfunctions.code.
tex
(/usr/local/texlive/2015/texmf-dist/tex/generic/pgf/math/pgfmathfunctions.basic
.code.tex)
(/usr/local/texlive/2015/texmf-dist/tex/generic/pgf/math/pgfmathfunctions.trigo
nometric.code.tex)
(/usr/local/texlive/2015/texmf-dist/tex/generic/pgf/math/pgfmathfunctions.rando
m.code.tex)
(/usr/local/texlive/2015/texmf-dist/tex/generic/pgf/math/pgfmathfunctions.compa
rison.code.tex)
(/usr/local/texlive/2015/texmf-dist/tex/generic/pgf/math/pgfmathfunctions.base.
code.tex)
(/usr/local/texlive/2015/texmf-dist/tex/generic/pgf/math/pgfmathfunctions.round
.code.tex)
(/usr/local/texlive/2015/texmf-dist/tex/generic/pgf/math/pgfmathfunctions.misc.
code.tex)
(/usr/local/texlive/2015/texmf-dist/tex/generic/pgf/math/pgfmathfunctions.integ
erarithmetics.code.tex)))
(/usr/local/texlive/2015/texmf-dist/tex/generic/pgf/math/pgfmathfloat.code.tex
\c@pgfmathroundto@lastzeros=\count115
))
(/usr/local/texlive/2015/texmf-dist/tex/generic/pgf/basiclayer/pgfcorepoints.co
de.tex
File: pgfcorepoints.code.tex 2013/10/07  (rcs-revision 1.27)
\pgf@picminx=\dimen131
\pgf@picmaxx=\dimen132
\pgf@picminy=\dimen133
\pgf@picmaxy=\dimen134
\pgf@pathminx=\dimen135
\pgf@pathmaxx=\dimen136
\pgf@pathminy=\dimen137
\pgf@pathmaxy=\dimen138
\pgf@xx=\dimen139
\pgf@xy=\dimen140
\pgf@yx=\dimen141
\pgf@yy=\dimen142
\pgf@zx=\dimen143
\pgf@zy=\dimen144
)
(/usr/local/texlive/2015/texmf-dist/tex/generic/pgf/basiclayer/pgfcorepathconst
ruct.code.tex
File: pgfcorepathconstruct.code.tex 2013/10/07  (rcs-revision 1.29)
\pgf@path@lastx=\dimen145
\pgf@path@lasty=\dimen146
)
(/usr/local/texlive/2015/texmf-dist/tex/generic/pgf/basiclayer/pgfcorepathusage
.code.tex
File: pgfcorepathusage.code.tex 2014/11/02  (rcs-revision 1.24)
\pgf@shorten@end@additional=\dimen147
\pgf@shorten@start@additional=\dimen148
)
(/usr/local/texlive/2015/texmf-dist/tex/generic/pgf/basiclayer/pgfcorescopes.co
de.tex
File: pgfcorescopes.code.tex 2015/05/08  (rcs-revision 1.46)
\pgfpic=\box36
\pgf@hbox=\box37
\pgf@layerbox@main=\box38
\pgf@picture@serial@count=\count116
)
(/usr/local/texlive/2015/texmf-dist/tex/generic/pgf/basiclayer/pgfcoregraphicst
ate.code.tex
File: pgfcoregraphicstate.code.tex 2014/11/02  (rcs-revision 1.12)
\pgflinewidth=\dimen149
)
(/usr/local/texlive/2015/texmf-dist/tex/generic/pgf/basiclayer/pgfcoretransform
ations.code.tex
File: pgfcoretransformations.code.tex 2015/08/07  (rcs-revision 1.20)
\pgf@pt@x=\dimen150
\pgf@pt@y=\dimen151
\pgf@pt@temp=\dimen152
)
(/usr/local/texlive/2015/texmf-dist/tex/generic/pgf/basiclayer/pgfcorequick.cod
e.tex
File: pgfcorequick.code.tex 2008/10/09  (rcs-revision 1.3)
)
(/usr/local/texlive/2015/texmf-dist/tex/generic/pgf/basiclayer/pgfcoreobjects.c
ode.tex
File: pgfcoreobjects.code.tex 2006/10/11  (rcs-revision 1.2)
)
(/usr/local/texlive/2015/texmf-dist/tex/generic/pgf/basiclayer/pgfcorepathproce
ssing.code.tex
File: pgfcorepathprocessing.code.tex 2013/09/09  (rcs-revision 1.9)
)
(/usr/local/texlive/2015/texmf-dist/tex/generic/pgf/basiclayer/pgfcorearrows.co
de.tex
File: pgfcorearrows.code.tex 2015/05/14  (rcs-revision 1.43)
\pgfarrowsep=\dimen153
)
(/usr/local/texlive/2015/texmf-dist/tex/generic/pgf/basiclayer/pgfcoreshade.cod
e.tex
File: pgfcoreshade.code.tex 2013/07/15  (rcs-revision 1.15)
\pgf@max=\dimen154
\pgf@sys@shading@range@num=\count117
)
(/usr/local/texlive/2015/texmf-dist/tex/generic/pgf/basiclayer/pgfcoreimage.cod
e.tex
File: pgfcoreimage.code.tex 2013/07/15  (rcs-revision 1.18)

(/usr/local/texlive/2015/texmf-dist/tex/generic/pgf/basiclayer/pgfcoreexternal.
code.tex
File: pgfcoreexternal.code.tex 2014/07/09  (rcs-revision 1.21)
\pgfexternal@startupbox=\box39
))
(/usr/local/texlive/2015/texmf-dist/tex/generic/pgf/basiclayer/pgfcorelayers.co
de.tex
File: pgfcorelayers.code.tex 2013/07/18  (rcs-revision 1.7)
)
(/usr/local/texlive/2015/texmf-dist/tex/generic/pgf/basiclayer/pgfcoretranspare
ncy.code.tex
File: pgfcoretransparency.code.tex 2013/09/30  (rcs-revision 1.5)
)
(/usr/local/texlive/2015/texmf-dist/tex/generic/pgf/basiclayer/pgfcorepatterns.
code.tex
File: pgfcorepatterns.code.tex 2013/11/07  (rcs-revision 1.5)
)))
(/usr/local/texlive/2015/texmf-dist/tex/generic/pgf/modules/pgfmoduleshapes.cod
e.tex
File: pgfmoduleshapes.code.tex 2014/03/21  (rcs-revision 1.35)
\pgfnodeparttextbox=\box40
)
(/usr/local/texlive/2015/texmf-dist/tex/generic/pgf/modules/pgfmoduleplot.code.
tex
File: pgfmoduleplot.code.tex 2015/08/03  (rcs-revision 1.13)
)
(/usr/local/texlive/2015/texmf-dist/tex/latex/pgf/compatibility/pgfcomp-version
-0-65.sty
Package: pgfcomp-version-0-65 2007/07/03 v3.0.1a (rcs-revision 1.7)
\pgf@nodesepstart=\dimen155
\pgf@nodesepend=\dimen156
)
(/usr/local/texlive/2015/texmf-dist/tex/latex/pgf/compatibility/pgfcomp-version
-1-18.sty
Package: pgfcomp-version-1-18 2007/07/23 v3.0.1a (rcs-revision 1.1)
))
(/usr/local/texlive/2015/texmf-dist/tex/latex/pgf/utilities/pgffor.sty
(/usr/local/texlive/2015/texmf-dist/tex/latex/pgf/utilities/pgfkeys.sty
(/usr/local/texlive/2015/texmf-dist/tex/generic/pgf/utilities/pgfkeys.code.tex)
) (/usr/local/texlive/2015/texmf-dist/tex/latex/pgf/math/pgfmath.sty
(/usr/local/texlive/2015/texmf-dist/tex/generic/pgf/math/pgfmath.code.tex))
(/usr/local/texlive/2015/texmf-dist/tex/generic/pgf/utilities/pgffor.code.tex
Package: pgffor 2013/12/13 v3.0.1a (rcs-revision 1.25)

(/usr/local/texlive/2015/texmf-dist/tex/generic/pgf/math/pgfmath.code.tex)
\pgffor@iter=\dimen157
\pgffor@skip=\dimen158
\pgffor@stack=\toks35
\pgffor@toks=\toks36
))
(/usr/local/texlive/2015/texmf-dist/tex/generic/pgf/frontendlayer/tikz/tikz.cod
e.tex
Package: tikz 2015/08/07 v3.0.1a (rcs-revision 1.151)

(/usr/local/texlive/2015/texmf-dist/tex/generic/pgf/libraries/pgflibraryplothan
dlers.code.tex
File: pgflibraryplothandlers.code.tex 2013/08/31 v3.0.1a (rcs-revision 1.20)
\pgf@plot@mark@count=\count118
\pgfplotmarksize=\dimen159
)
\tikz@lastx=\dimen160
\tikz@lasty=\dimen161
\tikz@lastxsaved=\dimen162
\tikz@lastysaved=\dimen163
\tikzleveldistance=\dimen164
\tikzsiblingdistance=\dimen165
\tikz@figbox=\box41
\tikz@figbox@bg=\box42
\tikz@tempbox=\box43
\tikz@tempbox@bg=\box44
\tikztreelevel=\count119
\tikznumberofchildren=\count120
\tikznumberofcurrentchild=\count121
\tikz@fig@count=\count122

(/usr/local/texlive/2015/texmf-dist/tex/generic/pgf/modules/pgfmodulematrix.cod
e.tex
File: pgfmodulematrix.code.tex 2013/09/17  (rcs-revision 1.8)
\pgfmatrixcurrentrow=\count123
\pgfmatrixcurrentcolumn=\count124
\pgf@matrix@numberofcolumns=\count125
)
\tikz@expandcount=\count126

(/usr/local/texlive/2015/texmf-dist/tex/generic/pgf/frontendlayer/tikz/librarie
s/tikzlibrarytopaths.code.tex
File: tikzlibrarytopaths.code.tex 2008/06/17 v3.0.1a (rcs-revision 1.2)
)))
(/usr/local/texlive/2015/texmf-dist/tex/latex/todonotes/todonotes.sty
Package: todonotes 2015/07/09 .dtx Todonotes source and documentation.
Package: todonotes 2012/07/25

(/usr/local/texlive/2015/texmf-dist/tex/latex/base/ifthen.sty
Package: ifthen 2014/09/29 v1.1c Standard LaTeX ifthen package (DPC)
)
(/usr/local/texlive/2015/texmf-dist/tex/latex/xkeyval/xkeyval.sty
Package: xkeyval 2014/12/03 v2.7a package option processing (HA)

(/usr/local/texlive/2015/texmf-dist/tex/generic/xkeyval/xkeyval.tex
(/usr/local/texlive/2015/texmf-dist/tex/generic/xkeyval/xkvutils.tex
\XKV@toks=\toks37
\XKV@tempa@toks=\toks38
)
\XKV@depth=\count127
File: xkeyval.tex 2014/12/03 v2.7a key=value parser (HA)
))
(/usr/local/texlive/2015/texmf-dist/tex/generic/pgf/frontendlayer/tikz/librarie
s/tikzlibrarypositioning.code.tex
File: tikzlibrarypositioning.code.tex 2008/10/06 v3.0.1a (rcs-revision 1.7)
)
(/usr/local/texlive/2015/texmf-dist/tex/latex/tools/calc.sty
Package: calc 2014/10/28 v4.3 Infix arithmetic (KKT,FJ)
\calc@Acount=\count128
\calc@Bcount=\count129
\calc@Adimen=\dimen166
\calc@Bdimen=\dimen167
\calc@Askip=\skip50
\calc@Bskip=\skip51
LaTeX Info: Redefining \setlength on input line 80.
LaTeX Info: Redefining \addtolength on input line 81.
\calc@Ccount=\count130
\calc@Cskip=\skip52
)
\c@@todonotes@numberoftodonotes=\count131
)
\c@proof=\count132
\c@lemma=\count133
\c@theorem=\count134
\c@remark=\count135

(./SG-DG-Helmholtz.aux

LaTeX Warning: Label `Fig:Ex2-3' multiply defined.

)
\openout1 = `SG-DG-Helmholtz.aux'.

LaTeX Font Info:    Checking defaults for OML/cmm/m/it on input line 79.
LaTeX Font Info:    ... okay on input line 79.
LaTeX Font Info:    Checking defaults for T1/cmr/m/n on input line 79.
LaTeX Font Info:    ... okay on input line 79.
LaTeX Font Info:    Checking defaults for OT1/cmr/m/n on input line 79.
LaTeX Font Info:    ... okay on input line 79.
LaTeX Font Info:    Checking defaults for OMS/cmsy/m/n on input line 79.
LaTeX Font Info:    ... okay on input line 79.
LaTeX Font Info:    Checking defaults for OMX/cmex/m/n on input line 79.
LaTeX Font Info:    ... okay on input line 79.
LaTeX Font Info:    Checking defaults for U/cmr/m/n on input line 79.
LaTeX Font Info:    ... okay on input line 79.
 (/usr/local/texlive/2015/texmf-dist/tex/context/base/supp-pdf.mkii
[Loading MPS to PDF converter (version 2006.09.02).]
\scratchcounter=\count136
\scratchdimen=\dimen168
\scratchbox=\box45
\nofMPsegments=\count137
\nofMParguments=\count138
\everyMPshowfont=\toks39
\MPscratchCnt=\count139
\MPscratchDim=\dimen169
\MPnumerator=\count140
\makeMPintoPDFobject=\count141
\everyMPtoPDFconversion=\toks40
) (/usr/local/texlive/2015/texmf-dist/tex/generic/oberdiek/pdftexcmds.sty
Package: pdftexcmds 2011/11/29 v0.20 Utility functions of pdfTeX for LuaTeX (HO
)

(/usr/local/texlive/2015/texmf-dist/tex/generic/oberdiek/ifluatex.sty
Package: ifluatex 2010/03/01 v1.3 Provides the ifluatex switch (HO)
Package ifluatex Info: LuaTeX not detected.
)
(/usr/local/texlive/2015/texmf-dist/tex/generic/oberdiek/ifpdf.sty
Package: ifpdf 2011/01/30 v2.3 Provides the ifpdf switch (HO)
Package ifpdf Info: pdfTeX in PDF mode is detected.
)
Package pdftexcmds Info: LuaTeX not detected.
Package pdftexcmds Info: \pdf@primitive is available.
Package pdftexcmds Info: \pdf@ifprimitive is available.
Package pdftexcmds Info: \pdfdraftmode found.
)
(/usr/local/texlive/2015/texmf-dist/tex/latex/oberdiek/epstopdf-base.sty
Package: epstopdf-base 2010/02/09 v2.5 Base part for package epstopdf

(/usr/local/texlive/2015/texmf-dist/tex/latex/oberdiek/grfext.sty
Package: grfext 2010/08/19 v1.1 Manage graphics extensions (HO)

(/usr/local/texlive/2015/texmf-dist/tex/generic/oberdiek/kvdefinekeys.sty
Package: kvdefinekeys 2011/04/07 v1.3 Define keys (HO)
))
(/usr/local/texlive/2015/texmf-dist/tex/latex/oberdiek/kvoptions.sty
Package: kvoptions 2011/06/30 v3.11 Key value format for package options (HO)

(/usr/local/texlive/2015/texmf-dist/tex/generic/oberdiek/kvsetkeys.sty
Package: kvsetkeys 2012/04/25 v1.16 Key value parser (HO)

(/usr/local/texlive/2015/texmf-dist/tex/generic/oberdiek/etexcmds.sty
Package: etexcmds 2011/02/16 v1.5 Avoid name clashes with e-TeX commands (HO)
Package etexcmds Info: Could not find \expanded.
(etexcmds)             That can mean that you are not using pdfTeX 1.50 or
(etexcmds)             that some package has redefined \expanded.
(etexcmds)             In the latter case, load this package earlier.
)))
Package grfext Info: Graphics extension search list:
(grfext)             [.png,.pdf,.jpg,.mps,.jpeg,.jbig2,.jb2,.PNG,.PDF,.JPG,.JPE
G,.JBIG2,.JB2,.eps]
(grfext)             \AppendGraphicsExtensions on input line 452.

(/usr/local/texlive/2015/texmf-dist/tex/latex/latexconfig/epstopdf-sys.cfg
File: epstopdf-sys.cfg 2010/07/13 v1.3 Configuration of (r)epstopdf for TeX Liv
e
))
ABD: EveryShipout initializing macros
LaTeX Font Info:    Try loading font information for U+msa on input line 112.

(/usr/local/texlive/2015/texmf-dist/tex/latex/amsfonts/umsa.fd
File: umsa.fd 2013/01/14 v3.01 AMS symbols A
)
LaTeX Font Info:    Try loading font information for U+msb on input line 112.

(/usr/local/texlive/2015/texmf-dist/tex/latex/amsfonts/umsb.fd
File: umsb.fd 2013/01/14 v3.01 AMS symbols B
) [1


{/usr/local/texlive/2015/texmf-var/fonts/map/pdftex/updmap/pdftex.map}]
LaTeX Font Info:    Try loading font information for OMS+cmr on input line 143.


(/usr/local/texlive/2015/texmf-dist/tex/latex/base/omscmr.fd
File: omscmr.fd 2014/09/29 v2.5h Standard LaTeX font definitions
)
LaTeX Font Info:    Font shape `OMS/cmr/m/n' in size <10.95> not available
(Font)              Font shape `OMS/cmsy/m/n' tried instead on input line 143.
Package epstopdf Info: Source file: <./Fig/Test_1D_k10_Method1.eps>
(epstopdf)                    date: 2019-03-08 22:03:46
(epstopdf)                    size: 87827 bytes
(epstopdf)             Output file: <./Fig/Test_1D_k10_Method1-eps-converted-to
.pdf>
(epstopdf)                    date: 2019-03-08 22:07:00
(epstopdf)                    size: 38700 bytes
(epstopdf)             Command: <repstopdf --outfile=./Fig/Test_1D_k10_Method1-
eps-converted-to.pdf ./Fig/Test_1D_k10_Method1.eps>
(epstopdf)             \includegraphics on input line 168.
Package epstopdf Info: Output file is already uptodate.

<./Fig/Test_1D_k10_Method1-eps-converted-to.pdf, id=24, 494.84875pt x 522.95375
pt>
File: ./Fig/Test_1D_k10_Method1-eps-converted-to.pdf Graphic file (type pdf)
 <use ./Fig/Test_1D_k10_Method1-eps-converted-to.pdf>
Package pdftex.def Info: ./Fig/Test_1D_k10_Method1-eps-converted-to.pdf used on
 input line 168.
(pdftex.def)             Requested size: 230.1778pt x 230.18813pt.
Package epstopdf Info: Source file: <./Fig/Test_1D_k10_Method2.eps>
(epstopdf)                    date: 2019-03-08 22:03:51
(epstopdf)                    size: 88335 bytes
(epstopdf)             Output file: <./Fig/Test_1D_k10_Method2-eps-converted-to
.pdf>
(epstopdf)                    date: 2019-03-08 22:07:00
(epstopdf)                    size: 36487 bytes
(epstopdf)             Command: <repstopdf --outfile=./Fig/Test_1D_k10_Method2-
eps-converted-to.pdf ./Fig/Test_1D_k10_Method2.eps>
(epstopdf)             \includegraphics on input line 169.
Package epstopdf Info: Output file is already uptodate.

<./Fig/Test_1D_k10_Method2-eps-converted-to.pdf, id=25, 517.935pt x 519.9425pt>
File: ./Fig/Test_1D_k10_Method2-eps-converted-to.pdf Graphic file (type pdf)
<use ./Fig/Test_1D_k10_Method2-eps-converted-to.pdf>
Package pdftex.def Info: ./Fig/Test_1D_k10_Method2-eps-converted-to.pdf used on
 input line 169.
(pdftex.def)             Requested size: 230.18398pt x 230.17967pt.

Overfull \hbox (14.60678pt too wide) in paragraph at lines 167--172
 [][] 
 []


LaTeX Warning: Reference `Test:Ex1' on page 2 undefined on input line 172.

[2]
Package epstopdf Info: Source file: <./Fig/Test_1D_k100_ConvRate.eps>
(epstopdf)                    date: 2019-03-08 22:04:15
(epstopdf)                    size: 33370 bytes
(epstopdf)             Output file: <./Fig/Test_1D_k100_ConvRate-eps-converted-
to.pdf>
(epstopdf)                    date: 2019-03-08 22:07:01
(epstopdf)                    size: 9903 bytes
(epstopdf)             Command: <repstopdf --outfile=./Fig/Test_1D_k100_ConvRat
e-eps-converted-to.pdf ./Fig/Test_1D_k100_ConvRate.eps>
(epstopdf)             \includegraphics on input line 178.
Package epstopdf Info: Output file is already uptodate.

<./Fig/Test_1D_k100_ConvRate-eps-converted-to.pdf, id=32, 543.02875pt x 496.856
25pt>
File: ./Fig/Test_1D_k100_ConvRate-eps-converted-to.pdf Graphic file (type pdf)
 <use ./Fig/Test_1D_k100_ConvRate-eps-converted-to.pdf>
Package pdftex.def Info: ./Fig/Test_1D_k100_ConvRate-eps-converted-to.pdf used 
on input line 178.
(pdftex.def)             Requested size: 230.18343pt x 211.39233pt.
Package epstopdf Info: Source file: <./Fig/Test_1D_k100_CondNumb.eps>
(epstopdf)                    date: 2019-03-08 22:04:03
(epstopdf)                    size: 36666 bytes
(epstopdf)             Output file: <./Fig/Test_1D_k100_CondNumb-eps-converted-
to.pdf>
(epstopdf)                    date: 2019-03-08 22:07:01
(epstopdf)                    size: 10622 bytes
(epstopdf)             Command: <repstopdf --outfile=./Fig/Test_1D_k100_CondNum
b-eps-converted-to.pdf ./Fig/Test_1D_k100_CondNumb.eps>
(epstopdf)             \includegraphics on input line 179.
Package epstopdf Info: Output file is already uptodate.

<./Fig/Test_1D_k100_CondNumb-eps-converted-to.pdf, id=33, 562.1pt x 496.85625pt
>
File: ./Fig/Test_1D_k100_CondNumb-eps-converted-to.pdf Graphic file (type pdf)
 <use ./Fig/Test_1D_k100_CondNumb-eps-converted-to.pdf>
Package pdftex.def Info: ./Fig/Test_1D_k100_CondNumb-eps-converted-to.pdf used 
on input line 179.
(pdftex.def)             Requested size: 230.17946pt x 211.39233pt.

Overfull \hbox (14.6079pt too wide) in paragraph at lines 177--182
 [][] 
 []


LaTeX Warning: Reference `Test:Ex1' on page 3 undefined on input line 182.

Package epstopdf Info: Source file: <./Fig/Test_1D_k1000_CondNumb.eps>
(epstopdf)                    date: 2019-03-08 22:04:28
(epstopdf)                    size: 35368 bytes
(epstopdf)             Output file: <./Fig/Test_1D_k1000_CondNumb-eps-converted
-to.pdf>
(epstopdf)                    date: 2019-03-08 22:11:45
(epstopdf)                    size: 10270 bytes
(epstopdf)             Command: <repstopdf --outfile=./Fig/Test_1D_k1000_CondNu
mb-eps-converted-to.pdf ./Fig/Test_1D_k1000_CondNumb.eps>
(epstopdf)             \includegraphics on input line 187.
Package epstopdf Info: Output file is already uptodate.

<./Fig/Test_1D_k1000_CondNumb-eps-converted-to.pdf, id=34, 546.04pt x 496.85625
pt>
File: ./Fig/Test_1D_k1000_CondNumb-eps-converted-to.pdf Graphic file (type pdf)

 <use ./Fig/Test_1D_k1000_CondNumb-eps-converted-to.pdf>
Package pdftex.def Info: ./Fig/Test_1D_k1000_CondNumb-eps-converted-to.pdf used
 on input line 187.
(pdftex.def)             Requested size: 328.82706pt x 299.20776pt.


LaTeX Warning: Reference `Test:Ex1' on page 3 undefined on input line 188.

[3 <./Fig/Test_1D_k10_Method1-eps-converted-to.pdf> <./Fig/Test_1D_k10_Method2-
eps-converted-to.pdf> <./Fig/Test_1D_k100_ConvRate-eps-converted-to.pdf> <./Fig
/Test_1D_k100_CondNumb-eps-converted-to.pdf>]
Package epstopdf Info: Source file: <./Fig/Test_1D_Method1_k3h2.eps>
(epstopdf)                    date: 2019-03-08 23:21:48
(epstopdf)                    size: 57819 bytes
(epstopdf)             Output file: <./Fig/Test_1D_Method1_k3h2-eps-converted-t
o.pdf>
(epstopdf)                    date: 2019-03-09 00:27:18
(epstopdf)                    size: 10508 bytes
(epstopdf)             Command: <repstopdf --outfile=./Fig/Test_1D_Method1_k3h2
-eps-converted-to.pdf ./Fig/Test_1D_Method1_k3h2.eps>
(epstopdf)             \includegraphics on input line 197.
Package epstopdf Info: Output file is already uptodate.

<./Fig/Test_1D_Method1_k3h2-eps-converted-to.pdf, id=73, 551.05875pt x 464.7362
5pt>
File: ./Fig/Test_1D_Method1_k3h2-eps-converted-to.pdf Graphic file (type pdf)
 <use ./Fig/Test_1D_Method1_k3h2-eps-converted-to.pdf>
Package pdftex.def Info: ./Fig/Test_1D_Method1_k3h2-eps-converted-to.pdf used o
n input line 197.
(pdftex.def)             Requested size: 328.82706pt x 277.32635pt.


LaTeX Warning: Reference `Test:Ex1' on page 4 undefined on input line 198.

[4 <./Fig/Test_1D_k1000_CondNumb-eps-converted-to.pdf>]
Package epstopdf Info: Source file: <./Fig/Eigs-k1000-Deg6-Method1.eps>
(epstopdf)                    date: 2019-03-11 17:32:13
(epstopdf)                    size: 431361 bytes
(epstopdf)             Output file: <./Fig/Eigs-k1000-Deg6-Method1-eps-converte
d-to.pdf>
(epstopdf)                    date: 2019-03-11 17:34:13
(epstopdf)                    size: 191409 bytes
(epstopdf)             Command: <repstopdf --outfile=./Fig/Eigs-k1000-Deg6-Meth
od1-eps-converted-to.pdf ./Fig/Eigs-k1000-Deg6-Method1.eps>
(epstopdf)             \includegraphics on input line 214.
Package epstopdf Info: Output file is already uptodate.

<./Fig/Eigs-k1000-Deg6-Method1-eps-converted-to.pdf, id=85, 460.72125pt x 479.7
925pt>
File: ./Fig/Eigs-k1000-Deg6-Method1-eps-converted-to.pdf Graphic file (type pdf
)
 <use ./Fig/Eigs-k1000-Deg6-Method1-eps-converted-to.pdf>
Package pdftex.def Info: ./Fig/Eigs-k1000-Deg6-Method1-eps-converted-to.pdf use
d on input line 214.
(pdftex.def)             Requested size: 225.48038pt x 234.80753pt.
Package epstopdf Info: Source file: <./Fig/Eigs-k1000-Deg6-Method2.eps>
(epstopdf)                    date: 2019-03-11 17:32:19
(epstopdf)                    size: 428508 bytes
(epstopdf)             Output file: <./Fig/Eigs-k1000-Deg6-Method2-eps-converte
d-to.pdf>
(epstopdf)                    date: 2019-03-11 17:34:14
(epstopdf)                    size: 193196 bytes
(epstopdf)             Command: <repstopdf --outfile=./Fig/Eigs-k1000-Deg6-Meth
od2-eps-converted-to.pdf ./Fig/Eigs-k1000-Deg6-Method2.eps>
(epstopdf)             \includegraphics on input line 215.
Package epstopdf Info: Output file is already uptodate.

<./Fig/Eigs-k1000-Deg6-Method2-eps-converted-to.pdf, id=86, 470.75874pt x 479.7
925pt>
File: ./Fig/Eigs-k1000-Deg6-Method2-eps-converted-to.pdf Graphic file (type pdf
)
 <use ./Fig/Eigs-k1000-Deg6-Method2-eps-converted-to.pdf>
Package pdftex.def Info: ./Fig/Eigs-k1000-Deg6-Method2-eps-converted-to.pdf use
d on input line 215.
(pdftex.def)             Requested size: 230.18251pt x 234.60254pt.
 [5 <./Fig/Test_1D_Method1_k3h2-eps-converted-to.pdf>]
Package epstopdf Info: Source file: <./Fig/sol-Test2-k32.eps>
(epstopdf)                    date: 2019-03-11 13:45:46
(epstopdf)                    size: 32432 bytes
(epstopdf)             Output file: <./Fig/sol-Test2-k32-eps-converted-to.pdf>
(epstopdf)                    date: 2019-03-11 13:47:16
(epstopdf)                    size: 12869 bytes
(epstopdf)             Command: <repstopdf --outfile=./Fig/sol-Test2-k32-eps-co
nverted-to.pdf ./Fig/sol-Test2-k32.eps>
(epstopdf)             \includegraphics on input line 225.
Package epstopdf Info: Output file is already uptodate.

<./Fig/sol-Test2-k32-eps-converted-to.pdf, id=95, 486.81876pt x 471.7625pt>
File: ./Fig/sol-Test2-k32-eps-converted-to.pdf Graphic file (type pdf)

<use ./Fig/sol-Test2-k32-eps-converted-to.pdf>
Package pdftex.def Info: ./Fig/sol-Test2-k32-eps-converted-to.pdf used on input
 line 225.
(pdftex.def)             Requested size: 211.3883pt x 204.8479pt.
Package epstopdf Info: Source file: <./Fig/ConRate-Deg2.eps>
(epstopdf)                    date: 2019-03-11 13:09:39
(epstopdf)                    size: 65920 bytes
(epstopdf)             Output file: <./Fig/ConRate-Deg2-eps-converted-to.pdf>
(epstopdf)                    date: 2019-03-11 13:37:21
(epstopdf)                    size: 18585 bytes
(epstopdf)             Command: <repstopdf --outfile=./Fig/ConRate-Deg2-eps-con
verted-to.pdf ./Fig/ConRate-Deg2.eps>
(epstopdf)             \includegraphics on input line 226.
Package epstopdf Info: Output file is already uptodate.

<./Fig/ConRate-Deg2-eps-converted-to.pdf, id=96, 698.61pt x 617.30624pt>
File: ./Fig/ConRate-Deg2-eps-converted-to.pdf Graphic file (type pdf)

<use ./Fig/ConRate-Deg2-eps-converted-to.pdf>
Package pdftex.def Info: ./Fig/ConRate-Deg2-eps-converted-to.pdf used on input 
line 226.
(pdftex.def)             Requested size: 230.18251pt x 203.39143pt.
Package epstopdf Info: Source file: <./Fig/ConRate-Deg3.eps>
(epstopdf)                    date: 2019-03-11 13:10:09
(epstopdf)                    size: 64304 bytes
(epstopdf)             Output file: <./Fig/ConRate-Deg3-eps-converted-to.pdf>
(epstopdf)                    date: 2019-03-11 13:37:21
(epstopdf)                    size: 18397 bytes
(epstopdf)             Command: <repstopdf --outfile=./Fig/ConRate-Deg3-eps-con
verted-to.pdf ./Fig/ConRate-Deg3.eps>
(epstopdf)             \includegraphics on input line 236.
Package epstopdf Info: Output file is already uptodate.

<./Fig/ConRate-Deg3-eps-converted-to.pdf, id=97, 698.61pt x 617.30624pt>
File: ./Fig/ConRate-Deg3-eps-converted-to.pdf Graphic file (type pdf)

<use ./Fig/ConRate-Deg3-eps-converted-to.pdf>
Package pdftex.def Info: ./Fig/ConRate-Deg3-eps-converted-to.pdf used on input 
line 236.
(pdftex.def)             Requested size: 230.18251pt x 203.39143pt.
Package epstopdf Info: Source file: <./Fig/ConRate-Deg4.eps>
(epstopdf)                    date: 2019-03-11 13:10:25
(epstopdf)                    size: 68089 bytes
(epstopdf)             Output file: <./Fig/ConRate-Deg4-eps-converted-to.pdf>
(epstopdf)                    date: 2019-03-11 13:37:21
(epstopdf)                    size: 18710 bytes
(epstopdf)             Command: <repstopdf --outfile=./Fig/ConRate-Deg4-eps-con
verted-to.pdf ./Fig/ConRate-Deg4.eps>
(epstopdf)             \includegraphics on input line 237.
Package epstopdf Info: Output file is already uptodate.

<./Fig/ConRate-Deg4-eps-converted-to.pdf, id=98, 698.61pt x 617.30624pt>
File: ./Fig/ConRate-Deg4-eps-converted-to.pdf Graphic file (type pdf)

<use ./Fig/ConRate-Deg4-eps-converted-to.pdf>
Package pdftex.def Info: ./Fig/ConRate-Deg4-eps-converted-to.pdf used on input 
line 237.
(pdftex.def)             Requested size: 230.18251pt x 203.39143pt.
 [6 <./Fig/Eigs-k1000-Deg6-Method1-eps-converted-to.pdf> <./Fig/Eigs-k1000-Deg6
-Method2-eps-converted-to.pdf> <./Fig/sol-Test2-k32-eps-converted-to.pdf> <./Fi
g/ConRate-Deg2-eps-converted-to.pdf>]
Package epstopdf Info: Source file: <./Fig/ConRate-Deg6.eps>
(epstopdf)                    date: 2019-03-11 14:32:22
(epstopdf)                    size: 42712 bytes
(epstopdf)             Output file: <./Fig/ConRate-Deg6-eps-converted-to.pdf>
(epstopdf)                    date: 2019-03-11 14:55:59
(epstopdf)                    size: 17737 bytes
(epstopdf)             Command: <repstopdf --outfile=./Fig/ConRate-Deg6-eps-con
verted-to.pdf ./Fig/ConRate-Deg6.eps>
(epstopdf)             \includegraphics on input line 244.
Package epstopdf Info: Output file is already uptodate.

<./Fig/ConRate-Deg6-eps-converted-to.pdf, id=125, 527.9725pt x 494.84875pt>
File: ./Fig/ConRate-Deg6-eps-converted-to.pdf Graphic file (type pdf)

<use ./Fig/ConRate-Deg6-eps-converted-to.pdf>
Package pdftex.def Info: ./Fig/ConRate-Deg6-eps-converted-to.pdf used on input 
line 244.
(pdftex.def)             Requested size: 230.18251pt x 215.74072pt.
Package epstopdf Info: Source file: <./Fig/ConRate-Deg7.eps>
(epstopdf)                    date: 2019-03-11 14:47:10
(epstopdf)                    size: 42256 bytes
(epstopdf)             Output file: <./Fig/ConRate-Deg7-eps-converted-to.pdf>
(epstopdf)                    date: 2019-03-11 14:56:12
(epstopdf)                    size: 17636 bytes
(epstopdf)             Command: <repstopdf --outfile=./Fig/ConRate-Deg7-eps-con
verted-to.pdf ./Fig/ConRate-Deg7.eps>
(epstopdf)             \includegraphics on input line 245.
Package epstopdf Info: Output file is already uptodate.

<./Fig/ConRate-Deg7-eps-converted-to.pdf, id=126, 527.9725pt x 494.84875pt>
File: ./Fig/ConRate-Deg7-eps-converted-to.pdf Graphic file (type pdf)

<use ./Fig/ConRate-Deg7-eps-converted-to.pdf>
Package pdftex.def Info: ./Fig/ConRate-Deg7-eps-converted-to.pdf used on input 
line 245.
(pdftex.def)             Requested size: 230.18251pt x 215.74072pt.
Package epstopdf Info: Source file: <./Fig/ConRate-Deg4.eps>
(epstopdf)                    date: 2019-03-11 13:10:25
(epstopdf)                    size: 68089 bytes
(epstopdf)             Output file: <./Fig/ConRate-Deg4-eps-converted-to.pdf>
(epstopdf)                    date: 2019-03-11 13:37:21
(epstopdf)                    size: 18710 bytes
(epstopdf)             Command: <repstopdf --outfile=./Fig/ConRate-Deg4-eps-con
verted-to.pdf ./Fig/ConRate-Deg4.eps>
(epstopdf)             \includegraphics on input line 253.
Package epstopdf Info: Output file is already uptodate.
File: ./Fig/ConRate-Deg4-eps-converted-to.pdf Graphic file (type pdf)

<use ./Fig/ConRate-Deg4-eps-converted-to.pdf>
Package pdftex.def Info: ./Fig/ConRate-Deg4-eps-converted-to.pdf used on input 
line 253.
(pdftex.def)             Requested size: 230.18251pt x 203.39143pt.
Package epstopdf Info: Source file: <./Fig/ConRate-Deg5-Method2.eps>
(epstopdf)                    date: 2019-03-11 16:47:22
(epstopdf)                    size: 70371 bytes
(epstopdf)             Output file: <./Fig/ConRate-Deg5-Method2-eps-converted-t
o.pdf>
(epstopdf)                    date: 2019-03-11 16:47:39
(epstopdf)                    size: 18802 bytes
(epstopdf)             Command: <repstopdf --outfile=./Fig/ConRate-Deg5-Method2
-eps-converted-to.pdf ./Fig/ConRate-Deg5-Method2.eps>
(epstopdf)             \includegraphics on input line 254.
Package epstopdf Info: Output file is already uptodate.

<./Fig/ConRate-Deg5-Method2-eps-converted-to.pdf, id=127, 589.20125pt x 559.088
75pt>
File: ./Fig/ConRate-Deg5-Method2-eps-converted-to.pdf Graphic file (type pdf)
 <use ./Fig/ConRate-Deg5-Method2-eps-converted-to.pdf>
Package pdftex.def Info: ./Fig/ConRate-Deg5-Method2-eps-converted-to.pdf used o
n input line 254.
(pdftex.def)             Requested size: 230.18251pt x 218.41908pt.
 [7 <./Fig/ConRate-Deg3-eps-converted-to.pdf> <./Fig/ConRate-Deg4-eps-converted
-to.pdf> <./Fig/ConRate-Deg6-eps-converted-to.pdf> <./Fig/ConRate-Deg7-eps-conv
erted-to.pdf>]
Package epstopdf Info: Source file: <./Fig/ConvRate-k100-Method1.eps>
(epstopdf)                    date: 2019-03-11 11:13:05
(epstopdf)                    size: 35788 bytes
(epstopdf)             Output file: <./Fig/ConvRate-k100-Method1-eps-converted-
to.pdf>
(epstopdf)                    date: 2019-03-11 13:58:34
(epstopdf)                    size: 8698 bytes
(epstopdf)             Command: <repstopdf --outfile=./Fig/ConvRate-k100-Method
1-eps-converted-to.pdf ./Fig/ConvRate-k100-Method1.eps>
(epstopdf)             \includegraphics on input line 263.
Package epstopdf Info: Output file is already uptodate.

<./Fig/ConvRate-k100-Method1-eps-converted-to.pdf, id=164, 587.19376pt x 522.95
375pt>
File: ./Fig/ConvRate-k100-Method1-eps-converted-to.pdf Graphic file (type pdf)
 <use ./Fig/ConvRate-k100-Method1-eps-converted-to.pdf>
Package pdftex.def Info: ./Fig/ConvRate-k100-Method1-eps-converted-to.pdf used 
on input line 263.
(pdftex.def)             Requested size: 230.18251pt x 204.99646pt.
Package epstopdf Info: Source file: <./Fig/ConvRate-k1000-Method1.eps>
(epstopdf)                    date: 2019-03-11 11:12:54
(epstopdf)                    size: 35509 bytes
(epstopdf)             Output file: <./Fig/ConvRate-k1000-Method1-eps-converted
-to.pdf>
(epstopdf)                    date: 2019-03-11 13:58:34
(epstopdf)                    size: 8662 bytes
(epstopdf)             Command: <repstopdf --outfile=./Fig/ConvRate-k1000-Metho
d1-eps-converted-to.pdf ./Fig/ConvRate-k1000-Method1.eps>
(epstopdf)             \includegraphics on input line 265.
Package epstopdf Info: Output file is already uptodate.

<./Fig/ConvRate-k1000-Method1-eps-converted-to.pdf, id=165, 587.19376pt x 522.9
5375pt>
File: ./Fig/ConvRate-k1000-Method1-eps-converted-to.pdf Graphic file (type pdf)

 <use ./Fig/ConvRate-k1000-Method1-eps-converted-to.pdf>
Package pdftex.def Info: ./Fig/ConvRate-k1000-Method1-eps-converted-to.pdf used
 on input line 265.
(pdftex.def)             Requested size: 230.18251pt x 204.99646pt.

Overfull \hbox (14.61003pt too wide) in paragraph at lines 261--268
 [][] 
 []

Package epstopdf Info: Source file: <./Fig/Eig-Method2-kappa.eps>
(epstopdf)                    date: 2019-03-13 00:33:25
(epstopdf)                    size: 761891 bytes
(epstopdf)             Output file: <./Fig/Eig-Method2-kappa-eps-converted-to.p
df>
(epstopdf)                    date: 2019-03-13 00:58:24
(epstopdf)                    size: 39278 bytes
(epstopdf)             Command: <repstopdf --outfile=./Fig/Eig-Method2-kappa-ep
s-converted-to.pdf ./Fig/Eig-Method2-kappa.eps>
(epstopdf)             \includegraphics on input line 281.
Package epstopdf Info: Output file is already uptodate.

<./Fig/Eig-Method2-kappa-eps-converted-to.pdf, id=166, 480.79625pt x 407.5225pt
>
File: ./Fig/Eig-Method2-kappa-eps-converted-to.pdf Graphic file (type pdf)
 <use ./Fig/Eig-Method2-kappa-eps-converted-to.pdf>
Package pdftex.def Info: ./Fig/Eig-Method2-kappa-eps-converted-to.pdf used on i
nput line 281.
(pdftex.def)             Requested size: 230.18251pt x 195.10489pt.
Package epstopdf Info: Source file: <./Fig/Eig-Method2-kappa2.eps>
(epstopdf)                    date: 2019-03-13 00:33:33
(epstopdf)                    size: 776308 bytes
(epstopdf)             Output file: <./Fig/Eig-Method2-kappa2-eps-converted-to.
pdf>
(epstopdf)                    date: 2019-03-13 00:58:24
(epstopdf)                    size: 57003 bytes
(epstopdf)             Command: <repstopdf --outfile=./Fig/Eig-Method2-kappa2-e
ps-converted-to.pdf ./Fig/Eig-Method2-kappa2.eps>
(epstopdf)             \includegraphics on input line 283.
Package epstopdf Info: Output file is already uptodate.

<./Fig/Eig-Method2-kappa2-eps-converted-to.pdf, id=167, 471.7625pt x 407.5225pt
>
File: ./Fig/Eig-Method2-kappa2-eps-converted-to.pdf Graphic file (type pdf)
 <use ./Fig/Eig-Method2-kappa2-eps-converted-to.pdf>
Package pdftex.def Info: ./Fig/Eig-Method2-kappa2-eps-converted-to.pdf used on 
input line 283.
(pdftex.def)             Requested size: 230.18251pt x 198.84207pt.

Overfull \hbox (14.61003pt too wide) in paragraph at lines 279--286
 [][] 
 []

[8 <./Fig/ConRate-Deg5-Method2-eps-converted-to.pdf> <./Fig/ConvRate-k100-Metho
d1-eps-converted-to.pdf> <./Fig/ConvRate-k1000-Method1-eps-converted-to.pdf>]
Package epstopdf Info: Source file: <./Fig/Method1-Lev10-Deg4-BICG.eps>
(epstopdf)                    date: 2019-03-13 00:45:05
(epstopdf)                    size: 26190 bytes
(epstopdf)             Output file: <./Fig/Method1-Lev10-Deg4-BICG-eps-converte
d-to.pdf>
(epstopdf)                    date: 2019-03-13 01:00:03
(epstopdf)                    size: 11286 bytes
(epstopdf)             Command: <repstopdf --outfile=./Fig/Method1-Lev10-Deg4-B
ICG-eps-converted-to.pdf ./Fig/Method1-Lev10-Deg4-BICG.eps>
(epstopdf)             \includegraphics on input line 293.
Package epstopdf Info: Output file is already uptodate.

<./Fig/Method1-Lev10-Deg4-BICG-eps-converted-to.pdf, id=190, 500.87125pt x 443.
6575pt>
File: ./Fig/Method1-Lev10-Deg4-BICG-eps-converted-to.pdf Graphic file (type pdf
)
 <use ./Fig/Method1-Lev10-Deg4-BICG-eps-converted-to.pdf>
Package pdftex.def Info: ./Fig/Method1-Lev10-Deg4-BICG-eps-converted-to.pdf use
d on input line 293.
(pdftex.def)             Requested size: 281.85585pt x 249.6718pt.
 [9 <./Fig/Eig-Method2-kappa-eps-converted-to.pdf> <./Fig/Eig-Method2-kappa2-ep
s-converted-to.pdf> <./Fig/Method1-Lev10-Deg4-BICG-eps-converted-to.pdf>] [10]
(./SG-DG-Helmholtz.aux)

LaTeX Warning: There were undefined references.


LaTeX Warning: There were multiply-defined labels.

 ) 
Here is how much of TeX's memory you used:
 13761 strings out of 493054
 267693 string characters out of 6134759
 306322 words of memory out of 5000000
 16937 multiletter control sequences out of 15000+600000
 17640 words of font info for 64 fonts, out of 8000000 for 9000
 1141 hyphenation exceptions out of 8191
 55i,13n,54p,421b,372s stack positions out of 5000i,500n,10000p,200000b,80000s
</usr/local/texlive/2015/texmf-dist/fonts/type1/public/amsfonts/cm/cmbx10.pfb
></usr/local/texlive/2015/texmf-dist/fonts/type1/public/amsfonts/cm/cmbx9.pfb><
/usr/local/texlive/2015/texmf-dist/fonts/type1/public/amsfonts/cm/cmex10.pfb></
usr/local/texlive/2015/texmf-dist/fonts/type1/public/amsfonts/cm/cmmi10.pfb></u
sr/local/texlive/2015/texmf-dist/fonts/type1/public/amsfonts/cm/cmmi6.pfb></usr
/local/texlive/2015/texmf-dist/fonts/type1/public/amsfonts/cm/cmmi8.pfb></usr/l
ocal/texlive/2015/texmf-dist/fonts/type1/public/amsfonts/cm/cmmi9.pfb></usr/loc
al/texlive/2015/texmf-dist/fonts/type1/public/amsfonts/cm/cmr10.pfb></usr/local
/texlive/2015/texmf-dist/fonts/type1/public/amsfonts/cm/cmr12.pfb></usr/local/t
exlive/2015/texmf-dist/fonts/type1/public/amsfonts/cm/cmr6.pfb></usr/local/texl
ive/2015/texmf-dist/fonts/type1/public/amsfonts/cm/cmr8.pfb></usr/local/texlive
/2015/texmf-dist/fonts/type1/public/amsfonts/cm/cmr9.pfb></usr/local/texlive/20
15/texmf-dist/fonts/type1/public/amsfonts/cm/cmsy10.pfb></usr/local/texlive/201
5/texmf-dist/fonts/type1/public/amsfonts/cm/cmsy6.pfb></usr/local/texlive/2015/
texmf-dist/fonts/type1/public/amsfonts/cm/cmsy8.pfb></usr/local/texlive/2015/te
xmf-dist/fonts/type1/public/amsfonts/cm/cmsy9.pfb></usr/local/texlive/2015/texm
f-dist/fonts/type1/public/amsfonts/cm/cmti10.pfb></usr/local/texlive/2015/texmf
-dist/fonts/type1/public/amsfonts/cm/cmti7.pfb></usr/local/texlive/2015/texmf-d
ist/fonts/type1/public/amsfonts/cm/cmti9.pfb></usr/local/texlive/2015/texmf-dis
t/fonts/type1/public/amsfonts/cm/cmtt9.pfb></usr/local/texlive/2015/texmf-dist/
fonts/type1/urw/zapfding/uzdr.pfb>
Output written on SG-DG-Helmholtz.pdf (10 pages, 918038 bytes).
PDF statistics:
 281 PDF objects out of 1000 (max. 8388607)
 194 compressed objects within 2 object streams
 0 named destinations out of 1000 (max. 500000)
 113 words of extra memory for PDF output out of 10000 (max. 10000000)

