This is pdfTeX, Version 3.14159265-2.6-1.40.16 (TeX Live 2015) (preloaded format=pdflatex 2015.10.20)  1 APR 2019 10:45
entering extended mode
 restricted \write18 enabled.
 file:line:error style messages enabled.
 %&-line parsing enabled.
**SG-DG-RunAwayV2.tex
(./SG-DG-RunAwayV2.tex
LaTeX2e <2015/10/01> patch level 1
Babel <3.9m> and hyphenation patterns for 79 languages loaded.
(/usr/local/texlive/2015/texmf-dist/tex/siamlatex/siamltex704.cls
Document Class: siamltex704 1996/10/11 v1.2 LaTeX document class
(/usr/local/texlive/2015/texmf-dist/tex/latex/base/leqno.clo
File: leqno.clo 2015/03/31 v1.1i Standard LaTeX option (left equation numbers)
)
(/usr/local/texlive/2015/texmf-dist/tex/latex/base/leqno.clo
File: leqno.clo 2015/03/31 v1.1i Standard LaTeX option (left equation numbers)
)
(/usr/local/texlive/2015/texmf-dist/tex/siamlatex/siam10.clo
File: siam10.clo 1994/10/01 v1.0 SIAM LaTeX file (size option)
)
\c@section=\count79
\c@subsection=\count80
\c@subsubsection=\count81
\c@paragraph=\count82
\c@subparagraph=\count83
\c@rmnum=\count84
\c@muni=\count85
\c@theorem=\count86
\c@figure=\count87
\c@table=\count88
\abovecaptionskip=\skip41
\belowcaptionskip=\skip42
\bibindent=\dimen102
)
(/usr/local/texlive/2015/texmf-dist/tex/latex/graphics/epsfig.sty
Package: epsfig 1999/02/16 v1.7a (e)psfig emulation (SPQR)

(/usr/local/texlive/2015/texmf-dist/tex/latex/graphics/graphicx.sty
Package: graphicx 2014/10/28 v1.0g Enhanced LaTeX Graphics (DPC,SPQR)

(/usr/local/texlive/2015/texmf-dist/tex/latex/graphics/keyval.sty
Package: keyval 2014/10/28 v1.15 key=value parser (DPC)
\KV@toks@=\toks14
)
(/usr/local/texlive/2015/texmf-dist/tex/latex/graphics/graphics.sty
Package: graphics 2014/10/28 v1.0p Standard LaTeX Graphics (DPC,SPQR)

(/usr/local/texlive/2015/texmf-dist/tex/latex/graphics/trig.sty
Package: trig 1999/03/16 v1.09 sin cos tan (DPC)
)
(/usr/local/texlive/2015/texmf-dist/tex/latex/latexconfig/graphics.cfg
File: graphics.cfg 2010/04/23 v1.9 graphics configuration of TeX Live
)
Package graphics Info: Driver file: pdftex.def on input line 94.

(/usr/local/texlive/2015/texmf-dist/tex/latex/pdftex-def/pdftex.def
File: pdftex.def 2011/05/27 v0.06d Graphics/color for pdfTeX

(/usr/local/texlive/2015/texmf-dist/tex/generic/oberdiek/infwarerr.sty
Package: infwarerr 2010/04/08 v1.3 Providing info/warning/error messages (HO)
)
(/usr/local/texlive/2015/texmf-dist/tex/generic/oberdiek/ltxcmds.sty
Package: ltxcmds 2011/11/09 v1.22 LaTeX kernel commands for general use (HO)
)
\Gread@gobject=\count89
))
\Gin@req@height=\dimen103
\Gin@req@width=\dimen104
)
\epsfxsize=\dimen105
\epsfysize=\dimen106
)
(/usr/local/texlive/2015/texmf-dist/tex/latex/amsmath/amsmath.sty
Package: amsmath 2013/01/14 v2.14 AMS math features
\@mathmargin=\skip43

For additional information on amsmath, use the `?' option.
(/usr/local/texlive/2015/texmf-dist/tex/latex/amsmath/amstext.sty
Package: amstext 2000/06/29 v2.01

(/usr/local/texlive/2015/texmf-dist/tex/latex/amsmath/amsgen.sty
File: amsgen.sty 1999/11/30 v2.0
\@emptytoks=\toks15
\ex@=\dimen107
))
(/usr/local/texlive/2015/texmf-dist/tex/latex/amsmath/amsbsy.sty
Package: amsbsy 1999/11/29 v1.2d
\pmbraise@=\dimen108
)
(/usr/local/texlive/2015/texmf-dist/tex/latex/amsmath/amsopn.sty
Package: amsopn 1999/12/14 v2.01 operator names
)
\inf@bad=\count90
LaTeX Info: Redefining \frac on input line 210.
\uproot@=\count91
\leftroot@=\count92
LaTeX Info: Redefining \overline on input line 306.
\classnum@=\count93
\DOTSCASE@=\count94
LaTeX Info: Redefining \ldots on input line 378.
LaTeX Info: Redefining \dots on input line 381.
LaTeX Info: Redefining \cdots on input line 466.
\Mathstrutbox@=\box26
\strutbox@=\box27
\big@size=\dimen109
LaTeX Font Info:    Redeclaring font encoding OML on input line 566.
LaTeX Font Info:    Redeclaring font encoding OMS on input line 567.
\macc@depth=\count95
\c@MaxMatrixCols=\count96
\dotsspace@=\muskip10
\c@parentequation=\count97
\dspbrk@lvl=\count98
\tag@help=\toks16
\row@=\count99
\column@=\count100
\maxfields@=\count101
\andhelp@=\toks17
\eqnshift@=\dimen110
\alignsep@=\dimen111
\tagshift@=\dimen112
\tagwidth@=\dimen113
\totwidth@=\dimen114
\lineht@=\dimen115
\@envbody=\toks18
\multlinegap=\skip44
\multlinetaggap=\skip45
\mathdisplay@stack=\toks19
LaTeX Info: Redefining \[ on input line 2665.
LaTeX Info: Redefining \] on input line 2666.
)
(/usr/local/texlive/2015/texmf-dist/tex/latex/tools/bm.sty
Package: bm 2014/10/28 v1.1c Bold Symbol Support (DPC/FMi)
\symboldoperators=\mathgroup4
\symboldletters=\mathgroup5
\symboldsymbols=\mathgroup6
LaTeX Font Info:    Redeclaring math alphabet \mathbf on input line 141.
LaTeX Info: Redefining \bm on input line 207.
)
(/usr/local/texlive/2015/texmf-dist/tex/latex/amsfonts/amssymb.sty
Package: amssymb 2013/01/14 v3.01 AMS font symbols

(/usr/local/texlive/2015/texmf-dist/tex/latex/amsfonts/amsfonts.sty
Package: amsfonts 2013/01/14 v3.01 Basic AMSFonts support
\symAMSa=\mathgroup7
\symAMSb=\mathgroup8
LaTeX Font Info:    Overwriting math alphabet `\mathfrak' in version `bold'
(Font)                  U/euf/m/n --> U/euf/b/n on input line 106.
))
(/usr/local/texlive/2015/texmf-dist/tex/latex/float/float.sty
Package: float 2001/11/08 v1.3d Float enhancements (AL)
\c@float@type=\count102
\float@exts=\toks20
\float@box=\box28
\@float@everytoks=\toks21
\@floatcapt=\box29
)
(/usr/local/texlive/2015/texmf-dist/tex/latex/pgf/frontendlayer/tikz.sty
(/usr/local/texlive/2015/texmf-dist/tex/latex/pgf/basiclayer/pgf.sty
(/usr/local/texlive/2015/texmf-dist/tex/latex/pgf/utilities/pgfrcs.sty
(/usr/local/texlive/2015/texmf-dist/tex/generic/pgf/utilities/pgfutil-common.te
x
\pgfutil@everybye=\toks22
\pgfutil@tempdima=\dimen116
\pgfutil@tempdimb=\dimen117

(/usr/local/texlive/2015/texmf-dist/tex/generic/pgf/utilities/pgfutil-common-li
sts.tex))
(/usr/local/texlive/2015/texmf-dist/tex/generic/pgf/utilities/pgfutil-latex.def
\pgfutil@abb=\box30
(/usr/local/texlive/2015/texmf-dist/tex/latex/ms/everyshi.sty
Package: everyshi 2001/05/15 v3.00 EveryShipout Package (MS)
))
(/usr/local/texlive/2015/texmf-dist/tex/generic/pgf/utilities/pgfrcs.code.tex
Package: pgfrcs 2015/08/07 v3.0.1a (rcs-revision 1.31)
))
Package: pgf 2015/08/07 v3.0.1a (rcs-revision 1.15)
(/usr/local/texlive/2015/texmf-dist/tex/latex/pgf/basiclayer/pgfcore.sty
(/usr/local/texlive/2015/texmf-dist/tex/latex/pgf/systemlayer/pgfsys.sty
(/usr/local/texlive/2015/texmf-dist/tex/generic/pgf/systemlayer/pgfsys.code.tex
Package: pgfsys 2014/07/09 v3.0.1a (rcs-revision 1.48)
(/usr/local/texlive/2015/texmf-dist/tex/generic/pgf/utilities/pgfkeys.code.tex
\pgfkeys@pathtoks=\toks23
\pgfkeys@temptoks=\toks24

(/usr/local/texlive/2015/texmf-dist/tex/generic/pgf/utilities/pgfkeysfiltered.c
ode.tex
\pgfkeys@tmptoks=\toks25
))
\pgf@x=\dimen118
\pgf@y=\dimen119
\pgf@xa=\dimen120
\pgf@ya=\dimen121
\pgf@xb=\dimen122
\pgf@yb=\dimen123
\pgf@xc=\dimen124
\pgf@yc=\dimen125
\w@pgf@writea=\write3
\r@pgf@reada=\read1
\c@pgf@counta=\count103
\c@pgf@countb=\count104
\c@pgf@countc=\count105
\c@pgf@countd=\count106
\t@pgf@toka=\toks26
\t@pgf@tokb=\toks27
\t@pgf@tokc=\toks28

(/usr/local/texlive/2015/texmf-dist/tex/generic/pgf/systemlayer/pgf.cfg
File: pgf.cfg 2008/05/14  (rcs-revision 1.7)
)
Driver file for pgf: pgfsys-pdftex.def

(/usr/local/texlive/2015/texmf-dist/tex/generic/pgf/systemlayer/pgfsys-pdftex.d
ef
File: pgfsys-pdftex.def 2014/10/11  (rcs-revision 1.35)

(/usr/local/texlive/2015/texmf-dist/tex/generic/pgf/systemlayer/pgfsys-common-p
df.def
File: pgfsys-common-pdf.def 2013/10/10  (rcs-revision 1.13)
)))
(/usr/local/texlive/2015/texmf-dist/tex/generic/pgf/systemlayer/pgfsyssoftpath.
code.tex
File: pgfsyssoftpath.code.tex 2013/09/09  (rcs-revision 1.9)
\pgfsyssoftpath@smallbuffer@items=\count107
\pgfsyssoftpath@bigbuffer@items=\count108
)
(/usr/local/texlive/2015/texmf-dist/tex/generic/pgf/systemlayer/pgfsysprotocol.
code.tex
File: pgfsysprotocol.code.tex 2006/10/16  (rcs-revision 1.4)
)) (/usr/local/texlive/2015/texmf-dist/tex/latex/xcolor/xcolor.sty
Package: xcolor 2007/01/21 v2.11 LaTeX color extensions (UK)

(/usr/local/texlive/2015/texmf-dist/tex/latex/latexconfig/color.cfg
File: color.cfg 2007/01/18 v1.5 color configuration of teTeX/TeXLive
)
Package xcolor Info: Driver file: pdftex.def on input line 225.
Package xcolor Info: Model `cmy' substituted by `cmy0' on input line 1337.
Package xcolor Info: Model `hsb' substituted by `rgb' on input line 1341.
Package xcolor Info: Model `RGB' extended on input line 1353.
Package xcolor Info: Model `HTML' substituted by `rgb' on input line 1355.
Package xcolor Info: Model `Hsb' substituted by `hsb' on input line 1356.
Package xcolor Info: Model `tHsb' substituted by `hsb' on input line 1357.
Package xcolor Info: Model `HSB' substituted by `hsb' on input line 1358.
Package xcolor Info: Model `Gray' substituted by `gray' on input line 1359.
Package xcolor Info: Model `wave' substituted by `hsb' on input line 1360.
)
(/usr/local/texlive/2015/texmf-dist/tex/generic/pgf/basiclayer/pgfcore.code.tex
Package: pgfcore 2010/04/11 v3.0.1a (rcs-revision 1.7)
(/usr/local/texlive/2015/texmf-dist/tex/generic/pgf/math/pgfmath.code.tex
(/usr/local/texlive/2015/texmf-dist/tex/generic/pgf/math/pgfmathcalc.code.tex
(/usr/local/texlive/2015/texmf-dist/tex/generic/pgf/math/pgfmathutil.code.tex)
(/usr/local/texlive/2015/texmf-dist/tex/generic/pgf/math/pgfmathparser.code.tex
\pgfmath@dimen=\dimen126
\pgfmath@count=\count109
\pgfmath@box=\box31
\pgfmath@toks=\toks29
\pgfmath@stack@operand=\toks30
\pgfmath@stack@operation=\toks31
)
(/usr/local/texlive/2015/texmf-dist/tex/generic/pgf/math/pgfmathfunctions.code.
tex
(/usr/local/texlive/2015/texmf-dist/tex/generic/pgf/math/pgfmathfunctions.basic
.code.tex)
(/usr/local/texlive/2015/texmf-dist/tex/generic/pgf/math/pgfmathfunctions.trigo
nometric.code.tex)
(/usr/local/texlive/2015/texmf-dist/tex/generic/pgf/math/pgfmathfunctions.rando
m.code.tex)
(/usr/local/texlive/2015/texmf-dist/tex/generic/pgf/math/pgfmathfunctions.compa
rison.code.tex)
(/usr/local/texlive/2015/texmf-dist/tex/generic/pgf/math/pgfmathfunctions.base.
code.tex)
(/usr/local/texlive/2015/texmf-dist/tex/generic/pgf/math/pgfmathfunctions.round
.code.tex)
(/usr/local/texlive/2015/texmf-dist/tex/generic/pgf/math/pgfmathfunctions.misc.
code.tex)
(/usr/local/texlive/2015/texmf-dist/tex/generic/pgf/math/pgfmathfunctions.integ
erarithmetics.code.tex)))
(/usr/local/texlive/2015/texmf-dist/tex/generic/pgf/math/pgfmathfloat.code.tex
\c@pgfmathroundto@lastzeros=\count110
))
(/usr/local/texlive/2015/texmf-dist/tex/generic/pgf/basiclayer/pgfcorepoints.co
de.tex
File: pgfcorepoints.code.tex 2013/10/07  (rcs-revision 1.27)
\pgf@picminx=\dimen127
\pgf@picmaxx=\dimen128
\pgf@picminy=\dimen129
\pgf@picmaxy=\dimen130
\pgf@pathminx=\dimen131
\pgf@pathmaxx=\dimen132
\pgf@pathminy=\dimen133
\pgf@pathmaxy=\dimen134
\pgf@xx=\dimen135
\pgf@xy=\dimen136
\pgf@yx=\dimen137
\pgf@yy=\dimen138
\pgf@zx=\dimen139
\pgf@zy=\dimen140
)
(/usr/local/texlive/2015/texmf-dist/tex/generic/pgf/basiclayer/pgfcorepathconst
ruct.code.tex
File: pgfcorepathconstruct.code.tex 2013/10/07  (rcs-revision 1.29)
\pgf@path@lastx=\dimen141
\pgf@path@lasty=\dimen142
)
(/usr/local/texlive/2015/texmf-dist/tex/generic/pgf/basiclayer/pgfcorepathusage
.code.tex
File: pgfcorepathusage.code.tex 2014/11/02  (rcs-revision 1.24)
\pgf@shorten@end@additional=\dimen143
\pgf@shorten@start@additional=\dimen144
)
(/usr/local/texlive/2015/texmf-dist/tex/generic/pgf/basiclayer/pgfcorescopes.co
de.tex
File: pgfcorescopes.code.tex 2015/05/08  (rcs-revision 1.46)
\pgfpic=\box32
\pgf@hbox=\box33
\pgf@layerbox@main=\box34
\pgf@picture@serial@count=\count111
)
(/usr/local/texlive/2015/texmf-dist/tex/generic/pgf/basiclayer/pgfcoregraphicst
ate.code.tex
File: pgfcoregraphicstate.code.tex 2014/11/02  (rcs-revision 1.12)
\pgflinewidth=\dimen145
)
(/usr/local/texlive/2015/texmf-dist/tex/generic/pgf/basiclayer/pgfcoretransform
ations.code.tex
File: pgfcoretransformations.code.tex 2015/08/07  (rcs-revision 1.20)
\pgf@pt@x=\dimen146
\pgf@pt@y=\dimen147
\pgf@pt@temp=\dimen148
)
(/usr/local/texlive/2015/texmf-dist/tex/generic/pgf/basiclayer/pgfcorequick.cod
e.tex
File: pgfcorequick.code.tex 2008/10/09  (rcs-revision 1.3)
)
(/usr/local/texlive/2015/texmf-dist/tex/generic/pgf/basiclayer/pgfcoreobjects.c
ode.tex
File: pgfcoreobjects.code.tex 2006/10/11  (rcs-revision 1.2)
)
(/usr/local/texlive/2015/texmf-dist/tex/generic/pgf/basiclayer/pgfcorepathproce
ssing.code.tex
File: pgfcorepathprocessing.code.tex 2013/09/09  (rcs-revision 1.9)
)
(/usr/local/texlive/2015/texmf-dist/tex/generic/pgf/basiclayer/pgfcorearrows.co
de.tex
File: pgfcorearrows.code.tex 2015/05/14  (rcs-revision 1.43)
\pgfarrowsep=\dimen149
)
(/usr/local/texlive/2015/texmf-dist/tex/generic/pgf/basiclayer/pgfcoreshade.cod
e.tex
File: pgfcoreshade.code.tex 2013/07/15  (rcs-revision 1.15)
\pgf@max=\dimen150
\pgf@sys@shading@range@num=\count112
)
(/usr/local/texlive/2015/texmf-dist/tex/generic/pgf/basiclayer/pgfcoreimage.cod
e.tex
File: pgfcoreimage.code.tex 2013/07/15  (rcs-revision 1.18)

(/usr/local/texlive/2015/texmf-dist/tex/generic/pgf/basiclayer/pgfcoreexternal.
code.tex
File: pgfcoreexternal.code.tex 2014/07/09  (rcs-revision 1.21)
\pgfexternal@startupbox=\box35
))
(/usr/local/texlive/2015/texmf-dist/tex/generic/pgf/basiclayer/pgfcorelayers.co
de.tex
File: pgfcorelayers.code.tex 2013/07/18  (rcs-revision 1.7)
)
(/usr/local/texlive/2015/texmf-dist/tex/generic/pgf/basiclayer/pgfcoretranspare
ncy.code.tex
File: pgfcoretransparency.code.tex 2013/09/30  (rcs-revision 1.5)
)
(/usr/local/texlive/2015/texmf-dist/tex/generic/pgf/basiclayer/pgfcorepatterns.
code.tex
File: pgfcorepatterns.code.tex 2013/11/07  (rcs-revision 1.5)
)))
(/usr/local/texlive/2015/texmf-dist/tex/generic/pgf/modules/pgfmoduleshapes.cod
e.tex
File: pgfmoduleshapes.code.tex 2014/03/21  (rcs-revision 1.35)
\pgfnodeparttextbox=\box36
)
(/usr/local/texlive/2015/texmf-dist/tex/generic/pgf/modules/pgfmoduleplot.code.
tex
File: pgfmoduleplot.code.tex 2015/08/03  (rcs-revision 1.13)
)
(/usr/local/texlive/2015/texmf-dist/tex/latex/pgf/compatibility/pgfcomp-version
-0-65.sty
Package: pgfcomp-version-0-65 2007/07/03 v3.0.1a (rcs-revision 1.7)
\pgf@nodesepstart=\dimen151
\pgf@nodesepend=\dimen152
)
(/usr/local/texlive/2015/texmf-dist/tex/latex/pgf/compatibility/pgfcomp-version
-1-18.sty
Package: pgfcomp-version-1-18 2007/07/23 v3.0.1a (rcs-revision 1.1)
))
(/usr/local/texlive/2015/texmf-dist/tex/latex/pgf/utilities/pgffor.sty
(/usr/local/texlive/2015/texmf-dist/tex/latex/pgf/utilities/pgfkeys.sty
(/usr/local/texlive/2015/texmf-dist/tex/generic/pgf/utilities/pgfkeys.code.tex)
) (/usr/local/texlive/2015/texmf-dist/tex/latex/pgf/math/pgfmath.sty
(/usr/local/texlive/2015/texmf-dist/tex/generic/pgf/math/pgfmath.code.tex))
(/usr/local/texlive/2015/texmf-dist/tex/generic/pgf/utilities/pgffor.code.tex
Package: pgffor 2013/12/13 v3.0.1a (rcs-revision 1.25)

(/usr/local/texlive/2015/texmf-dist/tex/generic/pgf/math/pgfmath.code.tex)
\pgffor@iter=\dimen153
\pgffor@skip=\dimen154
\pgffor@stack=\toks32
\pgffor@toks=\toks33
))
(/usr/local/texlive/2015/texmf-dist/tex/generic/pgf/frontendlayer/tikz/tikz.cod
e.tex
Package: tikz 2015/08/07 v3.0.1a (rcs-revision 1.151)

(/usr/local/texlive/2015/texmf-dist/tex/generic/pgf/libraries/pgflibraryplothan
dlers.code.tex
File: pgflibraryplothandlers.code.tex 2013/08/31 v3.0.1a (rcs-revision 1.20)
\pgf@plot@mark@count=\count113
\pgfplotmarksize=\dimen155
)
\tikz@lastx=\dimen156
\tikz@lasty=\dimen157
\tikz@lastxsaved=\dimen158
\tikz@lastysaved=\dimen159
\tikzleveldistance=\dimen160
\tikzsiblingdistance=\dimen161
\tikz@figbox=\box37
\tikz@figbox@bg=\box38
\tikz@tempbox=\box39
\tikz@tempbox@bg=\box40
\tikztreelevel=\count114
\tikznumberofchildren=\count115
\tikznumberofcurrentchild=\count116
\tikz@fig@count=\count117

(/usr/local/texlive/2015/texmf-dist/tex/generic/pgf/modules/pgfmodulematrix.cod
e.tex
File: pgfmodulematrix.code.tex 2013/09/17  (rcs-revision 1.8)
\pgfmatrixcurrentrow=\count118
\pgfmatrixcurrentcolumn=\count119
\pgf@matrix@numberofcolumns=\count120
)
\tikz@expandcount=\count121

(/usr/local/texlive/2015/texmf-dist/tex/generic/pgf/frontendlayer/tikz/librarie
s/tikzlibrarytopaths.code.tex
File: tikzlibrarytopaths.code.tex 2008/06/17 v3.0.1a (rcs-revision 1.2)
)))
(/usr/local/texlive/2015/texmf-dist/tex/latex/tools/showkeys.sty
Package: showkeys 2014/10/28 v3.17 Show cite and label keys (DPC, MH)
)
\c@algorithm=\count122
\c@defi=\count123

(/usr/local/texlive/2015/texmf-dist/tex/latex/titlesec/titlesec.sty
Package: titlesec 2011/12/15 v2.10.0 Sectioning titles
\ttl@box=\box41
\beforetitleunit=\skip46
\aftertitleunit=\skip47
\ttl@plus=\dimen162
\ttl@minus=\dimen163
\ttl@toksa=\toks34
\titlewidth=\dimen164
\titlewidthlast=\dimen165
\titlewidthfirst=\dimen166
)
(./SG-DG-RunAwayV2.aux)
\openout1 = `SG-DG-RunAwayV2.aux'.

LaTeX Font Info:    Checking defaults for OML/cmm/m/it on input line 75.
LaTeX Font Info:    ... okay on input line 75.
LaTeX Font Info:    Checking defaults for T1/cmr/m/n on input line 75.
LaTeX Font Info:    ... okay on input line 75.
LaTeX Font Info:    Checking defaults for OT1/cmr/m/n on input line 75.
LaTeX Font Info:    ... okay on input line 75.
LaTeX Font Info:    Checking defaults for OMS/cmsy/m/n on input line 75.
LaTeX Font Info:    ... okay on input line 75.
LaTeX Font Info:    Checking defaults for OMX/cmex/m/n on input line 75.
LaTeX Font Info:    ... okay on input line 75.
LaTeX Font Info:    Checking defaults for U/cmr/m/n on input line 75.
LaTeX Font Info:    ... okay on input line 75.

(/usr/local/texlive/2015/texmf-dist/tex/context/base/supp-pdf.mkii
[Loading MPS to PDF converter (version 2006.09.02).]
\scratchcounter=\count124
\scratchdimen=\dimen167
\scratchbox=\box42
\nofMPsegments=\count125
\nofMParguments=\count126
\everyMPshowfont=\toks35
\MPscratchCnt=\count127
\MPscratchDim=\dimen168
\MPnumerator=\count128
\makeMPintoPDFobject=\count129
\everyMPtoPDFconversion=\toks36
) (/usr/local/texlive/2015/texmf-dist/tex/generic/oberdiek/pdftexcmds.sty
Package: pdftexcmds 2011/11/29 v0.20 Utility functions of pdfTeX for LuaTeX (HO
)

(/usr/local/texlive/2015/texmf-dist/tex/generic/oberdiek/ifluatex.sty
Package: ifluatex 2010/03/01 v1.3 Provides the ifluatex switch (HO)
Package ifluatex Info: LuaTeX not detected.
)
(/usr/local/texlive/2015/texmf-dist/tex/generic/oberdiek/ifpdf.sty
Package: ifpdf 2011/01/30 v2.3 Provides the ifpdf switch (HO)
Package ifpdf Info: pdfTeX in PDF mode is detected.
)
Package pdftexcmds Info: LuaTeX not detected.
Package pdftexcmds Info: \pdf@primitive is available.
Package pdftexcmds Info: \pdf@ifprimitive is available.
Package pdftexcmds Info: \pdfdraftmode found.
)
(/usr/local/texlive/2015/texmf-dist/tex/latex/oberdiek/epstopdf-base.sty
Package: epstopdf-base 2010/02/09 v2.5 Base part for package epstopdf

(/usr/local/texlive/2015/texmf-dist/tex/latex/oberdiek/grfext.sty
Package: grfext 2010/08/19 v1.1 Manage graphics extensions (HO)

(/usr/local/texlive/2015/texmf-dist/tex/generic/oberdiek/kvdefinekeys.sty
Package: kvdefinekeys 2011/04/07 v1.3 Define keys (HO)
))
(/usr/local/texlive/2015/texmf-dist/tex/latex/oberdiek/kvoptions.sty
Package: kvoptions 2011/06/30 v3.11 Key value format for package options (HO)

(/usr/local/texlive/2015/texmf-dist/tex/generic/oberdiek/kvsetkeys.sty
Package: kvsetkeys 2012/04/25 v1.16 Key value parser (HO)

(/usr/local/texlive/2015/texmf-dist/tex/generic/oberdiek/etexcmds.sty
Package: etexcmds 2011/02/16 v1.5 Avoid name clashes with e-TeX commands (HO)
Package etexcmds Info: Could not find \expanded.
(etexcmds)             That can mean that you are not using pdfTeX 1.50 or
(etexcmds)             that some package has redefined \expanded.
(etexcmds)             In the latter case, load this package earlier.
)))
Package grfext Info: Graphics extension search list:
(grfext)             [.png,.pdf,.jpg,.mps,.jpeg,.jbig2,.jb2,.PNG,.PDF,.JPG,.JPE
G,.JBIG2,.JB2,.eps]
(grfext)             \AppendGraphicsExtensions on input line 452.

(/usr/local/texlive/2015/texmf-dist/tex/latex/latexconfig/epstopdf-sys.cfg
File: epstopdf-sys.cfg 2010/07/13 v1.3 Configuration of (r)epstopdf for TeX Liv
e
))
ABD: EveryShipout initializing macros
LaTeX Font Info:    Try loading font information for U+msa on input line 96.

(/usr/local/texlive/2015/texmf-dist/tex/latex/amsfonts/umsa.fd
File: umsa.fd 2013/01/14 v3.01 AMS symbols A
)
LaTeX Font Info:    Try loading font information for U+msb on input line 96.

(/usr/local/texlive/2015/texmf-dist/tex/latex/amsfonts/umsb.fd
File: umsb.fd 2013/01/14 v3.01 AMS symbols B
)
Package epstopdf Info: Source file: <./hyper-cf-Test1_v2.eps>
(epstopdf)                    date: 2019-04-01 10:35:54
(epstopdf)                    size: 170425 bytes
(epstopdf)             Output file: <./hyper-cf-Test1_v2-eps-converted-to.pdf>
(epstopdf)                    date: 2019-04-01 10:35:54
(epstopdf)                    size: 52051 bytes
(epstopdf)             Command: <repstopdf --outfile=./hyper-cf-Test1_v2-eps-co
nverted-to.pdf ./hyper-cf-Test1_v2.eps>
(epstopdf)             \includegraphics on input line 139.
Package epstopdf Info: Output file is already uptodate.

<./hyper-cf-Test1_v2-eps-converted-to.pdf, id=4, 1012.78375pt x 747.79375pt>
File: ./hyper-cf-Test1_v2-eps-converted-to.pdf Graphic file (type pdf)

<use ./hyper-cf-Test1_v2-eps-converted-to.pdf>
Package pdftex.def Info: ./hyper-cf-Test1_v2-eps-converted-to.pdf used on input
 line 139.
(pdftex.def)             Requested size: 351.86342pt x 259.79196pt.


LaTeX Warning: Reference `Num-2' on page 1 undefined on input line 141.

[1

{/usr/local/texlive/2015/texmf-var/fonts/map/pdftex/updmap/pdftex.map}]

./SG-DG-RunAwayV2.tex:156: LaTeX Error: File `./NumFig/hyper-uf-Test1_v2' not f
ound.

See the LaTeX manual or LaTeX Companion for explanation.
Type  H <return>  for immediate help.
 ...                                              
                                                  
l.156 ...65\textwidth]{./NumFig/hyper-uf-Test1_v2}
                                                  
? 

LaTeX Warning: Reference `Num-2' on page 2 undefined on input line 158.

Package epstopdf Info: Source file: <./hyper-CF-Test2_v2.eps>
(epstopdf)                    date: 2019-04-01 10:35:54
(epstopdf)                    size: 169056 bytes
(epstopdf)             Output file: <./hyper-CF-Test2_v2-eps-converted-to.pdf>
(epstopdf)                    date: 2019-04-01 10:35:54
(epstopdf)                    size: 16452 bytes
(epstopdf)             Command: <repstopdf --outfile=./hyper-CF-Test2_v2-eps-co
nverted-to.pdf ./hyper-CF-Test2_v2.eps>
(epstopdf)             \includegraphics on input line 218.
Package epstopdf Info: Output file is already uptodate.
<./hyper-CF-Test2_v2-eps-converted-to.pdf, id=22, 1012.78375pt x 596.2275pt>
File: ./hyper-CF-Test2_v2-eps-converted-to.pdf Graphic file (type pdf)

<use ./hyper-CF-Test2_v2-eps-converted-to.pdf>
Package pdftex.def Info: ./hyper-CF-Test2_v2-eps-converted-to.pdf used on input
 line 218.
(pdftex.def)             Requested size: 351.85248pt x 240.743pt.


LaTeX Warning: Reference `Num-3' on page 2 undefined on input line 220.

Package epstopdf Info: Source file: <./hyper-UF-Test2_v2.eps>
(epstopdf)                    date: 2019-04-01 10:35:54
(epstopdf)                    size: 169894 bytes
(epstopdf)             Output file: <./hyper-UF-Test2_v2-eps-converted-to.pdf>
(epstopdf)                    date: 2019-04-01 10:35:54
(epstopdf)                    size: 14251 bytes
(epstopdf)             Command: <repstopdf --outfile=./hyper-UF-Test2_v2-eps-co
nverted-to.pdf ./hyper-UF-Test2_v2.eps>
(epstopdf)             \includegraphics on input line 235.
Package epstopdf Info: Output file is already uptodate.
<./hyper-UF-Test2_v2-eps-converted-to.pdf, id=23, 1012.78375pt x 747.79375pt>
File: ./hyper-UF-Test2_v2-eps-converted-to.pdf Graphic file (type pdf)

<use ./hyper-UF-Test2_v2-eps-converted-to.pdf>
Package pdftex.def Info: ./hyper-UF-Test2_v2-eps-converted-to.pdf used on input
 line 235.
(pdftex.def)             Requested size: 351.86342pt x 259.79196pt.


LaTeX Warning: Reference `Num-3' on page 2 undefined on input line 237.


LaTeX Warning: Reference `Num-3' on page 2 undefined on input line 241.

[2 <./hyper-cf-Test1_v2-eps-converted-to.pdf>] [3 <./hyper-CF-Test2_v2-eps-conv
erted-to.pdf> <./hyper-UF-Test2_v2-eps-converted-to.pdf>]
<./Fig_notes/Fig2_note.png, id=47, 361.35pt x 238.8925pt>
File: ./Fig_notes/Fig2_note.png Graphic file (type png)

<use ./Fig_notes/Fig2_note.png>
Package pdftex.def Info: ./Fig_notes/Fig2_note.png used on input line 257.
(pdftex.def)             Requested size: 351.86546pt x 111.11665pt.
Package epstopdf Info: Source file: <./HyperAdap_Lev4_Deg2.eps>
(epstopdf)                    date: 2019-04-01 10:35:54
(epstopdf)                    size: 328383 bytes
(epstopdf)             Output file: <./HyperAdap_Lev4_Deg2-eps-converted-to.pdf
>
(epstopdf)                    date: 2019-04-01 10:35:54
(epstopdf)                    size: 55523 bytes
(epstopdf)             Command: <repstopdf --outfile=./HyperAdap_Lev4_Deg2-eps-
converted-to.pdf ./HyperAdap_Lev4_Deg2.eps>
(epstopdf)             \includegraphics on input line 258.
Package epstopdf Info: Output file is already uptodate.

<./HyperAdap_Lev4_Deg2-eps-converted-to.pdf, id=49, 1007.765pt x 721.69624pt>
File: ./HyperAdap_Lev4_Deg2-eps-converted-to.pdf Graphic file (type pdf)

<use ./HyperAdap_Lev4_Deg2-eps-converted-to.pdf>
Package pdftex.def Info: ./HyperAdap_Lev4_Deg2-eps-converted-to.pdf used on inp
ut line 258.
(pdftex.def)             Requested size: 351.86191pt x 222.22586pt.


LaTeX Warning: Reference `Num-3' on page 4 undefined on input line 260.


LaTeX Warning: Reference `eq:pde' on page 4 undefined on input line 289.

[4 <./Fig_notes/Fig2_note.png> <./HyperAdap_Lev4_Deg2-eps-converted-to.pdf>]

LaTeX Warning: Reference `eq:ldg-2' on page 5 undefined on input line 324.


LaTeX Warning: Reference `eq:ldg-1' on page 5 undefined on input line 324.


LaTeX Warning: Reference `eq:ldg-2' on page 5 undefined on input line 324.

[5]

LaTeX Warning: Citation `ShuOsher1988' on page 6 undefined on input line 342.

Package epstopdf Info: Source file: <./L2error.eps>
(epstopdf)                    date: 2019-04-01 10:35:54
(epstopdf)                    size: 36120 bytes
(epstopdf)             Output file: <./L2error-eps-converted-to.pdf>
(epstopdf)                    date: 2019-04-01 10:35:54
(epstopdf)                    size: 7870 bytes
(epstopdf)             Command: <repstopdf --outfile=./L2error-eps-converted-to
.pdf ./L2error.eps>
(epstopdf)             \includegraphics on input line 361.
Package epstopdf Info: Output file is already uptodate.
<./L2error-eps-converted-to.pdf, id=62, 772.8875pt x 717.68124pt>
File: ./L2error-eps-converted-to.pdf Graphic file (type pdf)

<use ./L2error-eps-converted-to.pdf>
Package pdftex.def Info: ./L2error-eps-converted-to.pdf used on input line 361.

(pdftex.def)             Requested size: 166.67154pt x 154.75839pt.
Package epstopdf Info: Source file: <./test1-Linftyerror.eps>
(epstopdf)                    date: 2019-04-01 10:35:54
(epstopdf)                    size: 40528 bytes
(epstopdf)             Output file: <./test1-Linftyerror-eps-converted-to.pdf>
(epstopdf)                    date: 2019-04-01 10:35:54
(epstopdf)                    size: 12656 bytes
(epstopdf)             Command: <repstopdf --outfile=./test1-Linftyerror-eps-co
nverted-to.pdf ./test1-Linftyerror.eps>
(epstopdf)             \includegraphics on input line 362.
Package epstopdf Info: Output file is already uptodate.

<./test1-Linftyerror-eps-converted-to.pdf, id=63, 791.95876pt x 739.76375pt>
File: ./test1-Linftyerror-eps-converted-to.pdf Graphic file (type pdf)

<use ./test1-Linftyerror-eps-converted-to.pdf>
Package pdftex.def Info: ./test1-Linftyerror-eps-converted-to.pdf used on input
 line 362.
(pdftex.def)             Requested size: 166.67154pt x 155.68231pt.


LaTeX Warning: Reference `Sect2-Ex1' on page 6 undefined on input line 365.

Package epstopdf Info: Source file: <./sol-f.eps>
(epstopdf)                    date: 2019-04-01 10:35:54
(epstopdf)                    size: 66415 bytes
(epstopdf)             Output file: <./sol-f-eps-converted-to.pdf>
(epstopdf)                    date: 2019-04-01 10:35:54
(epstopdf)                    size: 23724 bytes
(epstopdf)             Command: <repstopdf --outfile=./sol-f-eps-converted-to.p
df ./sol-f.eps>
(epstopdf)             \includegraphics on input line 371.
Package epstopdf Info: Output file is already uptodate.
<./sol-f-eps-converted-to.pdf, id=64, 1219.55624pt x 734.745pt>
File: ./sol-f-eps-converted-to.pdf Graphic file (type pdf)

<use ./sol-f-eps-converted-to.pdf>
Package pdftex.def Info: ./sol-f-eps-converted-to.pdf used on input line 371.
(pdftex.def)             Requested size: 166.67154pt x 100.40833pt.

<./sol-q.pdf, id=65, 1219.55624pt x 734.745pt>
File: ./sol-q.pdf Graphic file (type pdf)
 <use ./sol-q.pdf>
Package pdftex.def Info: ./sol-q.pdf used on input line 372.
(pdftex.def)             Requested size: 166.67154pt x 100.40833pt.


LaTeX Warning: Reference `Sect2-Ex1' on page 6 undefined on input line 375.


LaTeX Warning: `!h' float specifier changed to `!ht'.

Package epstopdf Info: Source file: <./test2-L2error.eps>
(epstopdf)                    date: 2019-04-01 10:35:54
(epstopdf)                    size: 37322 bytes
(epstopdf)             Output file: <./test2-L2error-eps-converted-to.pdf>
(epstopdf)                    date: 2019-04-01 10:35:54
(epstopdf)                    size: 7927 bytes
(epstopdf)             Command: <repstopdf --outfile=./test2-L2error-eps-conver
ted-to.pdf ./test2-L2error.eps>
(epstopdf)             \includegraphics on input line 403.
Package epstopdf Info: Output file is already uptodate.
<./test2-L2error-eps-converted-to.pdf, id=66, 794.97pt x 739.76375pt>
File: ./test2-L2error-eps-converted-to.pdf Graphic file (type pdf)

<use ./test2-L2error-eps-converted-to.pdf>
Package pdftex.def Info: ./test2-L2error-eps-converted-to.pdf used on input lin
e 403.
(pdftex.def)             Requested size: 166.67154pt x 155.09534pt.
Package epstopdf Info: Source file: <./test2-Linftyerror.eps>
(epstopdf)                    date: 2019-04-01 10:35:54
(epstopdf)                    size: 40919 bytes
(epstopdf)             Output file: <./test2-Linftyerror-eps-converted-to.pdf>
(epstopdf)                    date: 2019-04-01 10:35:54
(epstopdf)                    size: 12755 bytes
(epstopdf)             Command: <repstopdf --outfile=./test2-Linftyerror-eps-co
nverted-to.pdf ./test2-Linftyerror.eps>
(epstopdf)             \includegraphics on input line 404.
Package epstopdf Info: Output file is already uptodate.

<./test2-Linftyerror-eps-converted-to.pdf, id=67, 791.95876pt x 739.76375pt>
File: ./test2-Linftyerror-eps-converted-to.pdf Graphic file (type pdf)

<use ./test2-Linftyerror-eps-converted-to.pdf>
Package pdftex.def Info: ./test2-Linftyerror-eps-converted-to.pdf used on input
 line 404.
(pdftex.def)             Requested size: 166.67154pt x 155.68231pt.


LaTeX Warning: Reference `Sect2-Ex2' on page 6 undefined on input line 407.


LaTeX Warning: `!h' float specifier changed to `!ht'.

Package epstopdf Info: Source file: <./test2-sol-f.eps>
(epstopdf)                    date: 2019-04-01 10:35:54
(epstopdf)                    size: 66203 bytes
(epstopdf)             Output file: <./test2-sol-f-eps-converted-to.pdf>
(epstopdf)                    date: 2019-04-01 10:35:54
(epstopdf)                    size: 23726 bytes
(epstopdf)             Command: <repstopdf --outfile=./test2-sol-f-eps-converte
d-to.pdf ./test2-sol-f.eps>
(epstopdf)             \includegraphics on input line 413.
Package epstopdf Info: Output file is already uptodate.
<./test2-sol-f-eps-converted-to.pdf, id=68, 1219.55624pt x 741.77126pt>
File: ./test2-sol-f-eps-converted-to.pdf Graphic file (type pdf)

<use ./test2-sol-f-eps-converted-to.pdf>
Package pdftex.def Info: ./test2-sol-f-eps-converted-to.pdf used on input line 
413.
(pdftex.def)             Requested size: 166.67154pt x 101.36852pt.
Package epstopdf Info: Source file: <./test2-sol-q.eps>
(epstopdf)                    date: 2019-04-01 10:35:54
(epstopdf)                    size: 66209 bytes
(epstopdf)             Output file: <./test2-sol-q-eps-converted-to.pdf>
(epstopdf)                    date: 2019-04-01 10:35:54
(epstopdf)                    size: 24783 bytes
(epstopdf)             Command: <repstopdf --outfile=./test2-sol-q-eps-converte
d-to.pdf ./test2-sol-q.eps>
(epstopdf)             \includegraphics on input line 414.
Package epstopdf Info: Output file is already uptodate.

<./test2-sol-q-eps-converted-to.pdf, id=69, 1219.55624pt x 735.74875pt>
File: ./test2-sol-q-eps-converted-to.pdf Graphic file (type pdf)

<use ./test2-sol-q-eps-converted-to.pdf>
Package pdftex.def Info: ./test2-sol-q-eps-converted-to.pdf used on input line 
414.
(pdftex.def)             Requested size: 166.67154pt x 100.54549pt.


LaTeX Warning: Reference `Sect2-Ex2' on page 6 undefined on input line 417.


LaTeX Warning: `!h' float specifier changed to `!ht'.

[6 <./L2error-eps-converted-to.pdf> <./test1-Linftyerror-eps-converted-to.pdf>]
<./Fig_notes/Fig1_note.png, id=86, 369.38pt x 246.9225pt>
File: ./Fig_notes/Fig1_note.png Graphic file (type png)

<use ./Fig_notes/Fig1_note.png>
Package pdftex.def Info: ./Fig_notes/Fig1_note.png used on input line 445.
(pdftex.def)             Requested size: 166.67154pt x 111.4155pt.
Package epstopdf Info: Source file: <./test3-Solution.eps>
(epstopdf)                    date: 2019-04-01 10:35:54
(epstopdf)                    size: 98044 bytes
(epstopdf)             Output file: <./test3-Solution-eps-converted-to.pdf>
(epstopdf)                    date: 2019-04-01 10:35:54
(epstopdf)                    size: 28744 bytes
(epstopdf)             Command: <repstopdf --outfile=./test3-Solution-eps-conve
rted-to.pdf ./test3-Solution.eps>
(epstopdf)             \includegraphics on input line 446.
Package epstopdf Info: Output file is already uptodate.

<./test3-Solution-eps-converted-to.pdf, id=87, 1004.75375pt x 721.69624pt>
File: ./test3-Solution-eps-converted-to.pdf Graphic file (type pdf)

<use ./test3-Solution-eps-converted-to.pdf>
Package pdftex.def Info: ./test3-Solution-eps-converted-to.pdf used on input li
ne 446.
(pdftex.def)             Requested size: 166.66643pt x 148.1469pt.
Package epstopdf Info: Source file: <./test3-TotalPartical.eps>
(epstopdf)                    date: 2019-04-01 10:35:54
(epstopdf)                    size: 36400 bytes
(epstopdf)             Output file: <./test3-TotalPartical-eps-converted-to.pdf
>
(epstopdf)                    date: 2019-04-01 10:35:54
(epstopdf)                    size: 9765 bytes
(epstopdf)             Command: <repstopdf --outfile=./test3-TotalPartical-eps-
converted-to.pdf ./test3-TotalPartical.eps>
(epstopdf)             \includegraphics on input line 447.
Package epstopdf Info: Output file is already uptodate.

<./test3-TotalPartical-eps-converted-to.pdf, id=88, 1159.33125pt x 509.905pt>
File: ./test3-TotalPartical-eps-converted-to.pdf Graphic file (type pdf)

<use ./test3-TotalPartical-eps-converted-to.pdf>
Package pdftex.def Info: ./test3-TotalPartical-eps-converted-to.pdf used on inp
ut line 447.
(pdftex.def)             Requested size: 333.33168pt x 222.2348pt.


LaTeX Warning: Reference `Sect2-Ex3' on page 7 undefined on input line 450.


LaTeX Warning: `!h' float specifier changed to `!ht'.

[7 <./sol-f-eps-converted-to.pdf> <./sol-q.pdf> <./test2-L2error-eps-converted-
to.pdf> <./test2-Linftyerror-eps-converted-to.pdf> <./test2-sol-f-eps-converted
-to.pdf> <./test2-sol-q-eps-converted-to.pdf>]
<./Fig_notes/Fig3_note.png, id=123, 561.09625pt x 496.85625pt>
File: ./Fig_notes/Fig3_note.png Graphic file (type png)

<use ./Fig_notes/Fig3_note.png>
Package pdftex.def Info: ./Fig_notes/Fig3_note.png used on input line 462.
(pdftex.def)             Requested size: 166.67154pt x 147.58722pt.
Package epstopdf Info: Source file: <./Diff-Deg5_Lev4.eps>
(epstopdf)                    date: 2019-04-01 10:35:54
(epstopdf)                    size: 22206 bytes
(epstopdf)             Output file: <./Diff-Deg5_Lev4-eps-converted-to.pdf>
(epstopdf)                    date: 2019-04-01 10:35:54
(epstopdf)                    size: 7265 bytes
(epstopdf)             Command: <repstopdf --outfile=./Diff-Deg5_Lev4-eps-conve
rted-to.pdf ./Diff-Deg5_Lev4.eps>
(epstopdf)             \includegraphics on input line 463.
Package epstopdf Info: Output file is already uptodate.

<./Diff-Deg5_Lev4-eps-converted-to.pdf, id=124, 996.72375pt x 721.69624pt>
File: ./Diff-Deg5_Lev4-eps-converted-to.pdf Graphic file (type pdf)

<use ./Diff-Deg5_Lev4-eps-converted-to.pdf>
Package pdftex.def Info: ./Diff-Deg5_Lev4-eps-converted-to.pdf used on input li
ne 463.
(pdftex.def)             Requested size: 166.6576pt x 148.1469pt.


LaTeX Warning: Reference `Test:Diffusion-Test4' on page 8 undefined on input li
ne 466.


LaTeX Warning: Reference `Test:Diffusion-Test4' on page 8 undefined on input li
ne 466.


Underfull \vbox (badness 10000) has occurred while \output is active []

 [8 <./Fig_notes/Fig1_note.png> <./test3-Solution-eps-converted-to.pdf> <./test
3-TotalPartical-eps-converted-to.pdf>] [9 <./Fig_notes/Fig3_note.png> <./Diff-D
eg5_Lev4-eps-converted-to.pdf>]
Package epstopdf Info: Source file: <./condiff-cf-E1.eps>
(epstopdf)                    date: 2019-04-01 10:35:54
(epstopdf)                    size: 62080 bytes
(epstopdf)             Output file: <./condiff-cf-E1-eps-converted-to.pdf>
(epstopdf)                    date: 2019-04-01 10:35:54
(epstopdf)                    size: 20058 bytes
(epstopdf)             Command: <repstopdf --outfile=./condiff-cf-E1-eps-conver
ted-to.pdf ./condiff-cf-E1.eps>
(epstopdf)             \includegraphics on input line 553.
Package epstopdf Info: Output file is already uptodate.

<./condiff-cf-E1-eps-converted-to.pdf, id=148, 1012.78375pt x 721.69624pt>
File: ./condiff-cf-E1-eps-converted-to.pdf Graphic file (type pdf)

<use ./condiff-cf-E1-eps-converted-to.pdf>
Package pdftex.def Info: ./condiff-cf-E1-eps-converted-to.pdf used on input lin
e 553.
(pdftex.def)             Requested size: 351.86342pt x 250.7254pt.


LaTeX Warning: Reference `Sect1-Ex1' on page 10 undefined on input line 555.


LaTeX Warning: Reference `Sect1-Ex1' on page 10 undefined on input line 555.


Underfull \vbox (badness 10000) has occurred while \output is active []

 [10]
Package epstopdf Info: Source file: <./condiff-uf-E1_v2.eps>
(epstopdf)                    date: 2019-04-01 10:35:54
(epstopdf)                    size: 107351 bytes
(epstopdf)             Output file: <./condiff-uf-E1_v2-eps-converted-to.pdf>
(epstopdf)                    date: 2019-04-01 10:35:54
(epstopdf)                    size: 38570 bytes
(epstopdf)             Command: <repstopdf --outfile=./condiff-uf-E1_v2-eps-con
verted-to.pdf ./condiff-uf-E1_v2.eps>
(epstopdf)             \includegraphics on input line 561.
Package epstopdf Info: Output file is already uptodate.

<./condiff-uf-E1_v2-eps-converted-to.pdf, id=152, 1012.78375pt x 572.1375pt>
File: ./condiff-uf-E1_v2-eps-converted-to.pdf Graphic file (type pdf)

<use ./condiff-uf-E1_v2-eps-converted-to.pdf>
Package pdftex.def Info: ./condiff-uf-E1_v2-eps-converted-to.pdf used on input 
line 561.
(pdftex.def)             Requested size: 351.86342pt x 198.767pt.


LaTeX Warning: Reference `Sect1-Ex1' on page 11 undefined on input line 563.


LaTeX Warning: Reference `Sect1-Ex1' on page 11 undefined on input line 563.

Package epstopdf Info: Source file: <./condiff-uf-E2_v2.eps>
(epstopdf)                    date: 2019-04-01 10:35:54
(epstopdf)                    size: 107490 bytes
(epstopdf)             Output file: <./condiff-uf-E2_v2-eps-converted-to.pdf>
(epstopdf)                    date: 2019-04-01 10:35:54
(epstopdf)                    size: 38490 bytes
(epstopdf)             Command: <repstopdf --outfile=./condiff-uf-E2_v2-eps-con
verted-to.pdf ./condiff-uf-E2_v2.eps>
(epstopdf)             \includegraphics on input line 569.
Package epstopdf Info: Output file is already uptodate.
<./condiff-uf-E2_v2-eps-converted-to.pdf, id=153, 1012.78375pt x 721.69624pt>
File: ./condiff-uf-E2_v2-eps-converted-to.pdf Graphic file (type pdf)

<use ./condiff-uf-E2_v2-eps-converted-to.pdf>
Package pdftex.def Info: ./condiff-uf-E2_v2-eps-converted-to.pdf used on input 
line 569.
(pdftex.def)             Requested size: 351.86342pt x 250.7254pt.


LaTeX Warning: Reference `Sect1-Ex1' on page 11 undefined on input line 571.


LaTeX Warning: Reference `Sect1-Ex1' on page 11 undefined on input line 571.


Underfull \vbox (badness 10000) has occurred while \output is active []

 [11 <./condiff-cf-E1-eps-converted-to.pdf> <./condiff-uf-E1_v2-eps-converted-t
o.pdf>]
Package epstopdf Info: Source file: <./condiff-uf-E4_v2.eps>
(epstopdf)                    date: 2019-04-01 10:35:54
(epstopdf)                    size: 108593 bytes
(epstopdf)             Output file: <./condiff-uf-E4_v2-eps-converted-to.pdf>
(epstopdf)                    date: 2019-04-01 10:35:54
(epstopdf)                    size: 36858 bytes
(epstopdf)             Command: <repstopdf --outfile=./condiff-uf-E4_v2-eps-con
verted-to.pdf ./condiff-uf-E4_v2.eps>
(epstopdf)             \includegraphics on input line 577.
Package epstopdf Info: Output file is already uptodate.

<./condiff-uf-E4_v2-eps-converted-to.pdf, id=167, 1012.78375pt x 721.69624pt>
File: ./condiff-uf-E4_v2-eps-converted-to.pdf Graphic file (type pdf)

<use ./condiff-uf-E4_v2-eps-converted-to.pdf>
Package pdftex.def Info: ./condiff-uf-E4_v2-eps-converted-to.pdf used on input 
line 577.
(pdftex.def)             Requested size: 351.86342pt x 250.7254pt.


LaTeX Warning: Reference `Sect1-Ex1' on page 12 undefined on input line 579.


LaTeX Warning: Reference `Sect1-Ex1' on page 12 undefined on input line 579.

[12 <./condiff-uf-E2_v2-eps-converted-to.pdf> <./condiff-uf-E4_v2-eps-converted
-to.pdf>] <./test_full.png, id=182, 754.9806pt x 653.3208pt>
File: ./test_full.png Graphic file (type png)

<use ./test_full.png>
Package pdftex.def Info: ./test_full.png used on input line 653.
(pdftex.def)             Requested size: 351.86342pt x 304.47888pt.

Underfull \vbox (badness 1436) has occurred while \output is active []

 [13]
Underfull \vbox (badness 10000) has occurred while \output is active []

 [14 <./test_full.png (PNG copy)>] <./test_mo.png, id=191, 1081.1592pt x 841.22
28pt>
File: ./test_mo.png Graphic file (type png)

<use ./test_mo.png>
Package pdftex.def Info: ./test_mo.png used on input line 695.
(pdftex.def)             Requested size: 351.86342pt x 273.76642pt.
 [15 <./test_mo.png (PNG copy)>] [16] (./SG-DG-RunAwayV2.aux)

LaTeX Warning: There were undefined references.


LaTeX Warning: Label(s) may have changed. Rerun to get cross-references right.

 ) 
Here is how much of TeX's memory you used:
 12977 strings out of 493054
 253946 string characters out of 6134759
 293239 words of memory out of 5000000
 16191 multiletter control sequences out of 15000+600000
 13698 words of font info for 51 fonts, out of 8000000 for 9000
 1141 hyphenation exceptions out of 8191
 55i,14n,54p,417b,323s stack positions out of 5000i,500n,10000p,200000b,80000s
</usr/local/texlive/2015/texmf-dist/fonts/type1/public/amsfonts/cm/cmbx10.pfb
></usr/local/texlive/2015/texmf-dist/fonts/type1/public/amsfonts/cm/cmbx8.pfb><
/usr/local/texlive/2015/texmf-dist/fonts/type1/public/amsfonts/cm/cmcsc10.pfb><
/usr/local/texlive/2015/texmf-dist/fonts/type1/public/amsfonts/cm/cmex10.pfb></
usr/local/texlive/2015/texmf-dist/fonts/type1/public/amsfonts/cm/cmmi10.pfb></u
sr/local/texlive/2015/texmf-dist/fonts/type1/public/amsfonts/cm/cmmi5.pfb></usr
/local/texlive/2015/texmf-dist/fonts/type1/public/amsfonts/cm/cmmi7.pfb></usr/l
ocal/texlive/2015/texmf-dist/fonts/type1/public/amsfonts/cm/cmmi8.pfb></usr/loc
al/texlive/2015/texmf-dist/fonts/type1/public/amsfonts/cm/cmr10.pfb></usr/local
/texlive/2015/texmf-dist/fonts/type1/public/amsfonts/cm/cmr5.pfb></usr/local/te
xlive/2015/texmf-dist/fonts/type1/public/amsfonts/cm/cmr6.pfb></usr/local/texli
ve/2015/texmf-dist/fonts/type1/public/amsfonts/cm/cmr7.pfb></usr/local/texlive/
2015/texmf-dist/fonts/type1/public/amsfonts/cm/cmr8.pfb></usr/local/texlive/201
5/texmf-dist/fonts/type1/public/amsfonts/cm/cmsy10.pfb></usr/local/texlive/2015
/texmf-dist/fonts/type1/public/amsfonts/cm/cmsy6.pfb></usr/local/texlive/2015/t
exmf-dist/fonts/type1/public/amsfonts/cm/cmsy7.pfb></usr/local/texlive/2015/tex
mf-dist/fonts/type1/public/amsfonts/cm/cmti8.pfb></usr/local/texlive/2015/texmf
-dist/fonts/type1/public/amsfonts/symbols/msbm10.pfb>
Output written on SG-DG-RunAwayV2.pdf (16 pages, 1062293 bytes).
PDF statistics:
 255 PDF objects out of 1000 (max. 8388607)
 171 compressed objects within 2 object streams
 0 named destinations out of 1000 (max. 500000)
 133 words of extra memory for PDF output out of 10000 (max. 10000000)

