This is pdfTeX, Version 3.14159265-2.6-1.40.18 (TeX Live 2017) (preloaded format=pdflatex 2017.9.25)  1 OCT 2018 17:59
entering extended mode
 restricted \write18 enabled.
 file:line:error style messages enabled.
 %&-line parsing enabled.
**SG-DG-RunAway.tex
(./SG-DG-RunAway.tex
LaTeX2e <2017-04-15>
Babel <3.13> and hyphenation patterns for 84 language(s) loaded.
(/usr/local/texlive/2017/texmf-dist/tex/latex/siam704/siamltex704.cls
Document Class: siamltex704 1996/10/11 v1.2 LaTeX document class
(/usr/local/texlive/2017/texmf-dist/tex/latex/base/leqno.clo
File: leqno.clo 2016/12/29 v1.2a Standard LaTeX option (left equation numbers)
)
(/usr/local/texlive/2017/texmf-dist/tex/latex/base/leqno.clo
File: leqno.clo 2016/12/29 v1.2a Standard LaTeX option (left equation numbers)
)
(/usr/local/texlive/2017/texmf-dist/tex/latex/siam704/siam10.clo
File: siam10.clo 1994/10/01 v1.0 SIAM LaTeX file (size option)
)
\c@section=\count79
\c@subsection=\count80
\c@subsubsection=\count81
\c@paragraph=\count82
\c@subparagraph=\count83
\c@rmnum=\count84
\c@muni=\count85
\c@theorem=\count86
\c@figure=\count87
\c@table=\count88
\abovecaptionskip=\skip41
\belowcaptionskip=\skip42
\bibindent=\dimen102
)
(/usr/local/texlive/2017/texmf-dist/tex/latex/graphics/epsfig.sty
Package: epsfig 2017/06/25 v1.7b (e)psfig emulation (SPQR)

(/usr/local/texlive/2017/texmf-dist/tex/latex/graphics/graphicx.sty
Package: graphicx 2017/06/01 v1.1a Enhanced LaTeX Graphics (DPC,SPQR)

(/usr/local/texlive/2017/texmf-dist/tex/latex/graphics/keyval.sty
Package: keyval 2014/10/28 v1.15 key=value parser (DPC)
\KV@toks@=\toks14
)
(/usr/local/texlive/2017/texmf-dist/tex/latex/graphics/graphics.sty
Package: graphics 2017/06/25 v1.2c Standard LaTeX Graphics (DPC,SPQR)

(/usr/local/texlive/2017/texmf-dist/tex/latex/graphics/trig.sty
Package: trig 2016/01/03 v1.10 sin cos tan (DPC)
)
(/usr/local/texlive/2017/texmf-dist/tex/latex/graphics-cfg/graphics.cfg
File: graphics.cfg 2016/06/04 v1.11 sample graphics configuration
)
Package graphics Info: Driver file: pdftex.def on input line 99.

(/usr/local/texlive/2017/texmf-dist/tex/latex/graphics-def/pdftex.def
File: pdftex.def 2017/06/24 v1.0g Graphics/color driver for pdftex
))
\Gin@req@height=\dimen103
\Gin@req@width=\dimen104
)
\epsfxsize=\dimen105
\epsfysize=\dimen106
)
(/usr/local/texlive/2017/texmf-dist/tex/latex/amsmath/amsmath.sty
Package: amsmath 2017/09/02 v2.17a AMS math features
\@mathmargin=\skip43

For additional information on amsmath, use the `?' option.
(/usr/local/texlive/2017/texmf-dist/tex/latex/amsmath/amstext.sty
Package: amstext 2000/06/29 v2.01 AMS text

(/usr/local/texlive/2017/texmf-dist/tex/latex/amsmath/amsgen.sty
File: amsgen.sty 1999/11/30 v2.0 generic functions
\@emptytoks=\toks15
\ex@=\dimen107
))
(/usr/local/texlive/2017/texmf-dist/tex/latex/amsmath/amsbsy.sty
Package: amsbsy 1999/11/29 v1.2d Bold Symbols
\pmbraise@=\dimen108
)
(/usr/local/texlive/2017/texmf-dist/tex/latex/amsmath/amsopn.sty
Package: amsopn 2016/03/08 v2.02 operator names
)
\inf@bad=\count89
LaTeX Info: Redefining \frac on input line 213.
\uproot@=\count90
\leftroot@=\count91
LaTeX Info: Redefining \overline on input line 375.
\classnum@=\count92
\DOTSCASE@=\count93
LaTeX Info: Redefining \ldots on input line 472.
LaTeX Info: Redefining \dots on input line 475.
LaTeX Info: Redefining \cdots on input line 596.
\Mathstrutbox@=\box26
\strutbox@=\box27
\big@size=\dimen109
LaTeX Font Info:    Redeclaring font encoding OML on input line 712.
LaTeX Font Info:    Redeclaring font encoding OMS on input line 713.
\macc@depth=\count94
\c@MaxMatrixCols=\count95
\dotsspace@=\muskip10
\c@parentequation=\count96
\dspbrk@lvl=\count97
\tag@help=\toks16
\row@=\count98
\column@=\count99
\maxfields@=\count100
\andhelp@=\toks17
\eqnshift@=\dimen110
\alignsep@=\dimen111
\tagshift@=\dimen112
\tagwidth@=\dimen113
\totwidth@=\dimen114
\lineht@=\dimen115
\@envbody=\toks18
\multlinegap=\skip44
\multlinetaggap=\skip45
\mathdisplay@stack=\toks19
LaTeX Info: Redefining \[ on input line 2817.
LaTeX Info: Redefining \] on input line 2818.
)
(/usr/local/texlive/2017/texmf-dist/tex/latex/tools/bm.sty
Package: bm 2017/01/16 v1.2c Bold Symbol Support (DPC/FMi)
\symboldoperators=\mathgroup4
\symboldletters=\mathgroup5
\symboldsymbols=\mathgroup6
LaTeX Font Info:    Redeclaring math alphabet \mathbf on input line 141.
LaTeX Info: Redefining \bm on input line 207.
)
(/usr/local/texlive/2017/texmf-dist/tex/latex/amsfonts/amssymb.sty
Package: amssymb 2013/01/14 v3.01 AMS font symbols

(/usr/local/texlive/2017/texmf-dist/tex/latex/amsfonts/amsfonts.sty
Package: amsfonts 2013/01/14 v3.01 Basic AMSFonts support
\symAMSa=\mathgroup7
\symAMSb=\mathgroup8
LaTeX Font Info:    Overwriting math alphabet `\mathfrak' in version `bold'
(Font)                  U/euf/m/n --> U/euf/b/n on input line 106.
))
(/usr/local/texlive/2017/texmf-dist/tex/latex/float/float.sty
Package: float 2001/11/08 v1.3d Float enhancements (AL)
\c@float@type=\count101
\float@exts=\toks20
\float@box=\box28
\@float@everytoks=\toks21
\@floatcapt=\box29
)
(/usr/local/texlive/2017/texmf-dist/tex/latex/pgf/frontendlayer/tikz.sty
(/usr/local/texlive/2017/texmf-dist/tex/latex/pgf/basiclayer/pgf.sty
(/usr/local/texlive/2017/texmf-dist/tex/latex/pgf/utilities/pgfrcs.sty
(/usr/local/texlive/2017/texmf-dist/tex/generic/pgf/utilities/pgfutil-common.te
x
\pgfutil@everybye=\toks22
\pgfutil@tempdima=\dimen116
\pgfutil@tempdimb=\dimen117

(/usr/local/texlive/2017/texmf-dist/tex/generic/pgf/utilities/pgfutil-common-li
sts.tex))
(/usr/local/texlive/2017/texmf-dist/tex/generic/pgf/utilities/pgfutil-latex.def
\pgfutil@abb=\box30
(/usr/local/texlive/2017/texmf-dist/tex/latex/ms/everyshi.sty
Package: everyshi 2001/05/15 v3.00 EveryShipout Package (MS)
))
(/usr/local/texlive/2017/texmf-dist/tex/generic/pgf/utilities/pgfrcs.code.tex
Package: pgfrcs 2015/08/07 v3.0.1a (rcs-revision 1.31)
))
Package: pgf 2015/08/07 v3.0.1a (rcs-revision 1.15)
(/usr/local/texlive/2017/texmf-dist/tex/latex/pgf/basiclayer/pgfcore.sty
(/usr/local/texlive/2017/texmf-dist/tex/latex/pgf/systemlayer/pgfsys.sty
(/usr/local/texlive/2017/texmf-dist/tex/generic/pgf/systemlayer/pgfsys.code.tex
Package: pgfsys 2014/07/09 v3.0.1a (rcs-revision 1.48)
(/usr/local/texlive/2017/texmf-dist/tex/generic/pgf/utilities/pgfkeys.code.tex
\pgfkeys@pathtoks=\toks23
\pgfkeys@temptoks=\toks24

(/usr/local/texlive/2017/texmf-dist/tex/generic/pgf/utilities/pgfkeysfiltered.c
ode.tex
\pgfkeys@tmptoks=\toks25
))
\pgf@x=\dimen118
\pgf@y=\dimen119
\pgf@xa=\dimen120
\pgf@ya=\dimen121
\pgf@xb=\dimen122
\pgf@yb=\dimen123
\pgf@xc=\dimen124
\pgf@yc=\dimen125
\w@pgf@writea=\write3
\r@pgf@reada=\read1
\c@pgf@counta=\count102
\c@pgf@countb=\count103
\c@pgf@countc=\count104
\c@pgf@countd=\count105
\t@pgf@toka=\toks26
\t@pgf@tokb=\toks27
\t@pgf@tokc=\toks28

(/usr/local/texlive/2017/texmf-dist/tex/generic/pgf/systemlayer/pgf.cfg
File: pgf.cfg 2008/05/14  (rcs-revision 1.7)
)
Driver file for pgf: pgfsys-pdftex.def

(/usr/local/texlive/2017/texmf-dist/tex/generic/pgf/systemlayer/pgfsys-pdftex.d
ef
File: pgfsys-pdftex.def 2014/10/11  (rcs-revision 1.35)

(/usr/local/texlive/2017/texmf-dist/tex/generic/pgf/systemlayer/pgfsys-common-p
df.def
File: pgfsys-common-pdf.def 2013/10/10  (rcs-revision 1.13)
)))
(/usr/local/texlive/2017/texmf-dist/tex/generic/pgf/systemlayer/pgfsyssoftpath.
code.tex
File: pgfsyssoftpath.code.tex 2013/09/09  (rcs-revision 1.9)
\pgfsyssoftpath@smallbuffer@items=\count106
\pgfsyssoftpath@bigbuffer@items=\count107
)
(/usr/local/texlive/2017/texmf-dist/tex/generic/pgf/systemlayer/pgfsysprotocol.
code.tex
File: pgfsysprotocol.code.tex 2006/10/16  (rcs-revision 1.4)
)) (/usr/local/texlive/2017/texmf-dist/tex/latex/xcolor/xcolor.sty
Package: xcolor 2016/05/11 v2.12 LaTeX color extensions (UK)

(/usr/local/texlive/2017/texmf-dist/tex/latex/graphics-cfg/color.cfg
File: color.cfg 2016/01/02 v1.6 sample color configuration
)
Package xcolor Info: Driver file: pdftex.def on input line 225.
Package xcolor Info: Model `cmy' substituted by `cmy0' on input line 1348.
Package xcolor Info: Model `hsb' substituted by `rgb' on input line 1352.
Package xcolor Info: Model `RGB' extended on input line 1364.
Package xcolor Info: Model `HTML' substituted by `rgb' on input line 1366.
Package xcolor Info: Model `Hsb' substituted by `hsb' on input line 1367.
Package xcolor Info: Model `tHsb' substituted by `hsb' on input line 1368.
Package xcolor Info: Model `HSB' substituted by `hsb' on input line 1369.
Package xcolor Info: Model `Gray' substituted by `gray' on input line 1370.
Package xcolor Info: Model `wave' substituted by `hsb' on input line 1371.
)
(/usr/local/texlive/2017/texmf-dist/tex/generic/pgf/basiclayer/pgfcore.code.tex
Package: pgfcore 2010/04/11 v3.0.1a (rcs-revision 1.7)
(/usr/local/texlive/2017/texmf-dist/tex/generic/pgf/math/pgfmath.code.tex
(/usr/local/texlive/2017/texmf-dist/tex/generic/pgf/math/pgfmathcalc.code.tex
(/usr/local/texlive/2017/texmf-dist/tex/generic/pgf/math/pgfmathutil.code.tex)
(/usr/local/texlive/2017/texmf-dist/tex/generic/pgf/math/pgfmathparser.code.tex
\pgfmath@dimen=\dimen126
\pgfmath@count=\count108
\pgfmath@box=\box31
\pgfmath@toks=\toks29
\pgfmath@stack@operand=\toks30
\pgfmath@stack@operation=\toks31
)
(/usr/local/texlive/2017/texmf-dist/tex/generic/pgf/math/pgfmathfunctions.code.
tex
(/usr/local/texlive/2017/texmf-dist/tex/generic/pgf/math/pgfmathfunctions.basic
.code.tex)
(/usr/local/texlive/2017/texmf-dist/tex/generic/pgf/math/pgfmathfunctions.trigo
nometric.code.tex)
(/usr/local/texlive/2017/texmf-dist/tex/generic/pgf/math/pgfmathfunctions.rando
m.code.tex)
(/usr/local/texlive/2017/texmf-dist/tex/generic/pgf/math/pgfmathfunctions.compa
rison.code.tex)
(/usr/local/texlive/2017/texmf-dist/tex/generic/pgf/math/pgfmathfunctions.base.
code.tex)
(/usr/local/texlive/2017/texmf-dist/tex/generic/pgf/math/pgfmathfunctions.round
.code.tex)
(/usr/local/texlive/2017/texmf-dist/tex/generic/pgf/math/pgfmathfunctions.misc.
code.tex)
(/usr/local/texlive/2017/texmf-dist/tex/generic/pgf/math/pgfmathfunctions.integ
erarithmetics.code.tex)))
(/usr/local/texlive/2017/texmf-dist/tex/generic/pgf/math/pgfmathfloat.code.tex
\c@pgfmathroundto@lastzeros=\count109
))
(/usr/local/texlive/2017/texmf-dist/tex/generic/pgf/basiclayer/pgfcorepoints.co
de.tex
File: pgfcorepoints.code.tex 2013/10/07  (rcs-revision 1.27)
\pgf@picminx=\dimen127
\pgf@picmaxx=\dimen128
\pgf@picminy=\dimen129
\pgf@picmaxy=\dimen130
\pgf@pathminx=\dimen131
\pgf@pathmaxx=\dimen132
\pgf@pathminy=\dimen133
\pgf@pathmaxy=\dimen134
\pgf@xx=\dimen135
\pgf@xy=\dimen136
\pgf@yx=\dimen137
\pgf@yy=\dimen138
\pgf@zx=\dimen139
\pgf@zy=\dimen140
)
(/usr/local/texlive/2017/texmf-dist/tex/generic/pgf/basiclayer/pgfcorepathconst
ruct.code.tex
File: pgfcorepathconstruct.code.tex 2013/10/07  (rcs-revision 1.29)
\pgf@path@lastx=\dimen141
\pgf@path@lasty=\dimen142
)
(/usr/local/texlive/2017/texmf-dist/tex/generic/pgf/basiclayer/pgfcorepathusage
.code.tex
File: pgfcorepathusage.code.tex 2014/11/02  (rcs-revision 1.24)
\pgf@shorten@end@additional=\dimen143
\pgf@shorten@start@additional=\dimen144
)
(/usr/local/texlive/2017/texmf-dist/tex/generic/pgf/basiclayer/pgfcorescopes.co
de.tex
File: pgfcorescopes.code.tex 2015/05/08  (rcs-revision 1.46)
\pgfpic=\box32
\pgf@hbox=\box33
\pgf@layerbox@main=\box34
\pgf@picture@serial@count=\count110
)
(/usr/local/texlive/2017/texmf-dist/tex/generic/pgf/basiclayer/pgfcoregraphicst
ate.code.tex
File: pgfcoregraphicstate.code.tex 2014/11/02  (rcs-revision 1.12)
\pgflinewidth=\dimen145
)
(/usr/local/texlive/2017/texmf-dist/tex/generic/pgf/basiclayer/pgfcoretransform
ations.code.tex
File: pgfcoretransformations.code.tex 2015/08/07  (rcs-revision 1.20)
\pgf@pt@x=\dimen146
\pgf@pt@y=\dimen147
\pgf@pt@temp=\dimen148
)
(/usr/local/texlive/2017/texmf-dist/tex/generic/pgf/basiclayer/pgfcorequick.cod
e.tex
File: pgfcorequick.code.tex 2008/10/09  (rcs-revision 1.3)
)
(/usr/local/texlive/2017/texmf-dist/tex/generic/pgf/basiclayer/pgfcoreobjects.c
ode.tex
File: pgfcoreobjects.code.tex 2006/10/11  (rcs-revision 1.2)
)
(/usr/local/texlive/2017/texmf-dist/tex/generic/pgf/basiclayer/pgfcorepathproce
ssing.code.tex
File: pgfcorepathprocessing.code.tex 2013/09/09  (rcs-revision 1.9)
)
(/usr/local/texlive/2017/texmf-dist/tex/generic/pgf/basiclayer/pgfcorearrows.co
de.tex
File: pgfcorearrows.code.tex 2015/05/14  (rcs-revision 1.43)
\pgfarrowsep=\dimen149
)
(/usr/local/texlive/2017/texmf-dist/tex/generic/pgf/basiclayer/pgfcoreshade.cod
e.tex
File: pgfcoreshade.code.tex 2013/07/15  (rcs-revision 1.15)
\pgf@max=\dimen150
\pgf@sys@shading@range@num=\count111
)
(/usr/local/texlive/2017/texmf-dist/tex/generic/pgf/basiclayer/pgfcoreimage.cod
e.tex
File: pgfcoreimage.code.tex 2013/07/15  (rcs-revision 1.18)

(/usr/local/texlive/2017/texmf-dist/tex/generic/pgf/basiclayer/pgfcoreexternal.
code.tex
File: pgfcoreexternal.code.tex 2014/07/09  (rcs-revision 1.21)
\pgfexternal@startupbox=\box35
))
(/usr/local/texlive/2017/texmf-dist/tex/generic/pgf/basiclayer/pgfcorelayers.co
de.tex
File: pgfcorelayers.code.tex 2013/07/18  (rcs-revision 1.7)
)
(/usr/local/texlive/2017/texmf-dist/tex/generic/pgf/basiclayer/pgfcoretranspare
ncy.code.tex
File: pgfcoretransparency.code.tex 2013/09/30  (rcs-revision 1.5)
)
(/usr/local/texlive/2017/texmf-dist/tex/generic/pgf/basiclayer/pgfcorepatterns.
code.tex
File: pgfcorepatterns.code.tex 2013/11/07  (rcs-revision 1.5)
)))
(/usr/local/texlive/2017/texmf-dist/tex/generic/pgf/modules/pgfmoduleshapes.cod
e.tex
File: pgfmoduleshapes.code.tex 2014/03/21  (rcs-revision 1.35)
\pgfnodeparttextbox=\box36
)
(/usr/local/texlive/2017/texmf-dist/tex/generic/pgf/modules/pgfmoduleplot.code.
tex
File: pgfmoduleplot.code.tex 2015/08/03  (rcs-revision 1.13)
)
(/usr/local/texlive/2017/texmf-dist/tex/latex/pgf/compatibility/pgfcomp-version
-0-65.sty
Package: pgfcomp-version-0-65 2007/07/03 v3.0.1a (rcs-revision 1.7)
\pgf@nodesepstart=\dimen151
\pgf@nodesepend=\dimen152
)
(/usr/local/texlive/2017/texmf-dist/tex/latex/pgf/compatibility/pgfcomp-version
-1-18.sty
Package: pgfcomp-version-1-18 2007/07/23 v3.0.1a (rcs-revision 1.1)
))
(/usr/local/texlive/2017/texmf-dist/tex/latex/pgf/utilities/pgffor.sty
(/usr/local/texlive/2017/texmf-dist/tex/latex/pgf/utilities/pgfkeys.sty
(/usr/local/texlive/2017/texmf-dist/tex/generic/pgf/utilities/pgfkeys.code.tex)
) (/usr/local/texlive/2017/texmf-dist/tex/latex/pgf/math/pgfmath.sty
(/usr/local/texlive/2017/texmf-dist/tex/generic/pgf/math/pgfmath.code.tex))
(/usr/local/texlive/2017/texmf-dist/tex/generic/pgf/utilities/pgffor.code.tex
Package: pgffor 2013/12/13 v3.0.1a (rcs-revision 1.25)

(/usr/local/texlive/2017/texmf-dist/tex/generic/pgf/math/pgfmath.code.tex)
\pgffor@iter=\dimen153
\pgffor@skip=\dimen154
\pgffor@stack=\toks32
\pgffor@toks=\toks33
))
(/usr/local/texlive/2017/texmf-dist/tex/generic/pgf/frontendlayer/tikz/tikz.cod
e.tex
Package: tikz 2015/08/07 v3.0.1a (rcs-revision 1.151)

(/usr/local/texlive/2017/texmf-dist/tex/generic/pgf/libraries/pgflibraryplothan
dlers.code.tex
File: pgflibraryplothandlers.code.tex 2013/08/31 v3.0.1a (rcs-revision 1.20)
\pgf@plot@mark@count=\count112
\pgfplotmarksize=\dimen155
)
\tikz@lastx=\dimen156
\tikz@lasty=\dimen157
\tikz@lastxsaved=\dimen158
\tikz@lastysaved=\dimen159
\tikzleveldistance=\dimen160
\tikzsiblingdistance=\dimen161
\tikz@figbox=\box37
\tikz@figbox@bg=\box38
\tikz@tempbox=\box39
\tikz@tempbox@bg=\box40
\tikztreelevel=\count113
\tikznumberofchildren=\count114
\tikznumberofcurrentchild=\count115
\tikz@fig@count=\count116

(/usr/local/texlive/2017/texmf-dist/tex/generic/pgf/modules/pgfmodulematrix.cod
e.tex
File: pgfmodulematrix.code.tex 2013/09/17  (rcs-revision 1.8)
\pgfmatrixcurrentrow=\count117
\pgfmatrixcurrentcolumn=\count118
\pgf@matrix@numberofcolumns=\count119
)
\tikz@expandcount=\count120

(/usr/local/texlive/2017/texmf-dist/tex/generic/pgf/frontendlayer/tikz/librarie
s/tikzlibrarytopaths.code.tex
File: tikzlibrarytopaths.code.tex 2008/06/17 v3.0.1a (rcs-revision 1.2)
)))
(/usr/local/texlive/2017/texmf-dist/tex/latex/tools/showkeys.sty
Package: showkeys 2014/10/28 v3.17 Show cite and label keys (DPC, MH)
)
\c@algorithm=\count121
\c@defi=\count122

(./SG-DG-RunAway.aux)
\openout1 = `SG-DG-RunAway.aux'.

LaTeX Font Info:    Checking defaults for OML/cmm/m/it on input line 67.
LaTeX Font Info:    ... okay on input line 67.
LaTeX Font Info:    Checking defaults for T1/cmr/m/n on input line 67.
LaTeX Font Info:    ... okay on input line 67.
LaTeX Font Info:    Checking defaults for OT1/cmr/m/n on input line 67.
LaTeX Font Info:    ... okay on input line 67.
LaTeX Font Info:    Checking defaults for OMS/cmsy/m/n on input line 67.
LaTeX Font Info:    ... okay on input line 67.
LaTeX Font Info:    Checking defaults for OMX/cmex/m/n on input line 67.
LaTeX Font Info:    ... okay on input line 67.
LaTeX Font Info:    Checking defaults for U/cmr/m/n on input line 67.
LaTeX Font Info:    ... okay on input line 67.

(/usr/local/texlive/2017/texmf-dist/tex/context/base/mkii/supp-pdf.mkii
[Loading MPS to PDF converter (version 2006.09.02).]
\scratchcounter=\count123
\scratchdimen=\dimen162
\scratchbox=\box41
\nofMPsegments=\count124
\nofMParguments=\count125
\everyMPshowfont=\toks34
\MPscratchCnt=\count126
\MPscratchDim=\dimen163
\MPnumerator=\count127
\makeMPintoPDFobject=\count128
\everyMPtoPDFconversion=\toks35
) (/usr/local/texlive/2017/texmf-dist/tex/latex/oberdiek/epstopdf-base.sty
Package: epstopdf-base 2016/05/15 v2.6 Base part for package epstopdf

(/usr/local/texlive/2017/texmf-dist/tex/generic/oberdiek/infwarerr.sty
Package: infwarerr 2016/05/16 v1.4 Providing info/warning/error messages (HO)
)
(/usr/local/texlive/2017/texmf-dist/tex/latex/oberdiek/grfext.sty
Package: grfext 2016/05/16 v1.2 Manage graphics extensions (HO)

(/usr/local/texlive/2017/texmf-dist/tex/generic/oberdiek/kvdefinekeys.sty
Package: kvdefinekeys 2016/05/16 v1.4 Define keys (HO)

(/usr/local/texlive/2017/texmf-dist/tex/generic/oberdiek/ltxcmds.sty
Package: ltxcmds 2016/05/16 v1.23 LaTeX kernel commands for general use (HO)
)))
(/usr/local/texlive/2017/texmf-dist/tex/latex/oberdiek/kvoptions.sty
Package: kvoptions 2016/05/16 v3.12 Key value format for package options (HO)

(/usr/local/texlive/2017/texmf-dist/tex/generic/oberdiek/kvsetkeys.sty
Package: kvsetkeys 2016/05/16 v1.17 Key value parser (HO)

(/usr/local/texlive/2017/texmf-dist/tex/generic/oberdiek/etexcmds.sty
Package: etexcmds 2016/05/16 v1.6 Avoid name clashes with e-TeX commands (HO)

(/usr/local/texlive/2017/texmf-dist/tex/generic/oberdiek/ifluatex.sty
Package: ifluatex 2016/05/16 v1.4 Provides the ifluatex switch (HO)
Package ifluatex Info: LuaTeX not detected.
)
Package etexcmds Info: Could not find \expanded.
(etexcmds)             That can mean that you are not using pdfTeX 1.50 or
(etexcmds)             that some package has redefined \expanded.
(etexcmds)             In the latter case, load this package earlier.
)))
(/usr/local/texlive/2017/texmf-dist/tex/generic/oberdiek/pdftexcmds.sty
Package: pdftexcmds 2017/03/19 v0.25 Utility functions of pdfTeX for LuaTeX (HO
)

(/usr/local/texlive/2017/texmf-dist/tex/generic/oberdiek/ifpdf.sty
Package: ifpdf 2017/03/15 v3.2 Provides the ifpdf switch
)
Package pdftexcmds Info: LuaTeX not detected.
Package pdftexcmds Info: \pdf@primitive is available.
Package pdftexcmds Info: \pdf@ifprimitive is available.
Package pdftexcmds Info: \pdfdraftmode found.
)
Package epstopdf-base Info: Redefining graphics rule for `.eps' on input line 4
38.
Package grfext Info: Graphics extension search list:
(grfext)             [.pdf,.png,.jpg,.mps,.jpeg,.jbig2,.jb2,.PDF,.PNG,.JPG,.JPE
G,.JBIG2,.JB2,.eps]
(grfext)             \AppendGraphicsExtensions on input line 456.

(/usr/local/texlive/2017/texmf-dist/tex/latex/latexconfig/epstopdf-sys.cfg
File: epstopdf-sys.cfg 2010/07/13 v1.3 Configuration of (r)epstopdf for TeX Liv
e
))
ABD: EveryShipout initializing macros
LaTeX Font Info:    Try loading font information for U+msa on input line 85.

(/usr/local/texlive/2017/texmf-dist/tex/latex/amsfonts/umsa.fd
File: umsa.fd 2013/01/14 v3.01 AMS symbols A
)
LaTeX Font Info:    Try loading font information for U+msb on input line 85.

(/usr/local/texlive/2017/texmf-dist/tex/latex/amsfonts/umsb.fd
File: umsb.fd 2013/01/14 v3.01 AMS symbols B
) [1

{/usr/local/texlive/2017/texmf-var/fonts/map/pdftex/updmap/pdftex.map}]
Package epstopdf Info: Source file: <./L2error.eps>
(epstopdf)                    date: 2018-09-19 09:12:57
(epstopdf)                    size: 36120 bytes
(epstopdf)             Output file: <./L2error-eps-converted-to.pdf>
(epstopdf)                    date: 2018-09-19 09:12:57
(epstopdf)                    size: 7870 bytes
(epstopdf)             Command: <repstopdf --outfile=./L2error-eps-converted-to
.pdf ./L2error.eps>
(epstopdf)             \includegraphics on input line 205.
Package epstopdf Info: Output file is already uptodate.
<./L2error-eps-converted-to.pdf, id=20, pagebox=cropbox, 772.8875pt x 717.68124
pt>
File: ./L2error-eps-converted-to.pdf Graphic file (type pdf)
<use ./L2error-eps-converted-to.pdf>
Package pdftex.def Info: ./L2error-eps-converted-to.pdf  used on input line 205
. on input line 205.
Package pdftex.def Info: Requested size: 166.67154pt x 154.75839pt on input lin
e 205.
Package epstopdf Info: Source file: <./test1-Linftyerror.eps>
(epstopdf)                    date: 2018-09-19 09:12:57
(epstopdf)                    size: 40528 bytes
(epstopdf)             Output file: <./test1-Linftyerror-eps-converted-to.pdf>
(epstopdf)                    date: 2018-09-19 09:12:57
(epstopdf)                    size: 12656 bytes
(epstopdf)             Command: <repstopdf --outfile=./test1-Linftyerror-eps-co
nverted-to.pdf ./test1-Linftyerror.eps>
(epstopdf)             \includegraphics on input line 206.
Package epstopdf Info: Output file is already uptodate.
<./test1-Linftyerror-eps-converted-to.pdf, id=21, pagebox=cropbox, 791.95876pt 
x 739.76375pt>
File: ./test1-Linftyerror-eps-converted-to.pdf Graphic file (type pdf)
<use ./test1-Linftyerror-eps-converted-to.pdf>
Package pdftex.def Info: ./test1-Linftyerror-eps-converted-to.pdf  used on inpu
t line 206. on input line 206.
Package pdftex.def Info: Requested size: 166.67154pt x 155.68231pt on input lin
e 206.
Package epstopdf Info: Source file: <./sol-f.eps>
(epstopdf)                    date: 2018-09-19 09:12:57
(epstopdf)                    size: 66415 bytes
(epstopdf)             Output file: <./sol-f-eps-converted-to.pdf>
(epstopdf)                    date: 2018-09-19 09:12:57
(epstopdf)                    size: 23724 bytes
(epstopdf)             Command: <repstopdf --outfile=./sol-f-eps-converted-to.p
df ./sol-f.eps>
(epstopdf)             \includegraphics on input line 215.
Package epstopdf Info: Output file is already uptodate.
<./sol-f-eps-converted-to.pdf, id=22, pagebox=cropbox, 1219.55624pt x 734.745pt
>
File: ./sol-f-eps-converted-to.pdf Graphic file (type pdf)
<use ./sol-f-eps-converted-to.pdf>
Package pdftex.def Info: ./sol-f-eps-converted-to.pdf  used on input line 215. 
on input line 215.
Package pdftex.def Info: Requested size: 166.67154pt x 100.40833pt on input lin
e 215.
<./sol-q.pdf, id=23, pagebox=cropbox, 1219.55624pt x 734.745pt>
File: ./sol-q.pdf Graphic file (type pdf)
<use ./sol-q.pdf>
Package pdftex.def Info: ./sol-q.pdf  used on input line 216. on input line 216
.
Package pdftex.def Info: Requested size: 166.67154pt x 100.40833pt on input lin
e 216.


LaTeX Warning: `!h' float specifier changed to `!ht'.

Package epstopdf Info: Source file: <./test2-L2error.eps>
(epstopdf)                    date: 2018-09-19 09:12:57
(epstopdf)                    size: 37322 bytes
(epstopdf)             Output file: <./test2-L2error-eps-converted-to.pdf>
(epstopdf)                    date: 2018-09-19 09:12:57
(epstopdf)                    size: 7927 bytes
(epstopdf)             Command: <repstopdf --outfile=./test2-L2error-eps-conver
ted-to.pdf ./test2-L2error.eps>
(epstopdf)             \includegraphics on input line 246.
Package epstopdf Info: Output file is already uptodate.
<./test2-L2error-eps-converted-to.pdf, id=24, pagebox=cropbox, 794.97pt x 739.7
6375pt>
File: ./test2-L2error-eps-converted-to.pdf Graphic file (type pdf)
<use ./test2-L2error-eps-converted-to.pdf>
Package pdftex.def Info: ./test2-L2error-eps-converted-to.pdf  used on input li
ne 246. on input line 246.
Package pdftex.def Info: Requested size: 166.67154pt x 155.09534pt on input lin
e 246.
Package epstopdf Info: Source file: <./test2-Linftyerror.eps>
(epstopdf)                    date: 2018-09-19 09:12:57
(epstopdf)                    size: 40919 bytes
(epstopdf)             Output file: <./test2-Linftyerror-eps-converted-to.pdf>
(epstopdf)                    date: 2018-09-19 09:12:57
(epstopdf)                    size: 12755 bytes
(epstopdf)             Command: <repstopdf --outfile=./test2-Linftyerror-eps-co
nverted-to.pdf ./test2-Linftyerror.eps>
(epstopdf)             \includegraphics on input line 247.
Package epstopdf Info: Output file is already uptodate.
<./test2-Linftyerror-eps-converted-to.pdf, id=25, pagebox=cropbox, 791.95876pt 
x 739.76375pt>
File: ./test2-Linftyerror-eps-converted-to.pdf Graphic file (type pdf)
<use ./test2-Linftyerror-eps-converted-to.pdf>
Package pdftex.def Info: ./test2-Linftyerror-eps-converted-to.pdf  used on inpu
t line 247. on input line 247.
Package pdftex.def Info: Requested size: 166.67154pt x 155.68231pt on input lin
e 247.
[2 <./L2error-eps-converted-to.pdf> <./test1-Linftyerror-eps-converted-to.pdf>]
Package epstopdf Info: Source file: <./test2-sol-f.eps>
(epstopdf)                    date: 2018-09-19 09:12:57
(epstopdf)                    size: 66203 bytes
(epstopdf)             Output file: <./test2-sol-f-eps-converted-to.pdf>
(epstopdf)                    date: 2018-09-19 09:12:57
(epstopdf)                    size: 23726 bytes
(epstopdf)             Command: <repstopdf --outfile=./test2-sol-f-eps-converte
d-to.pdf ./test2-sol-f.eps>
(epstopdf)             \includegraphics on input line 256.
Package epstopdf Info: Output file is already uptodate.
<./test2-sol-f-eps-converted-to.pdf, id=45, pagebox=cropbox, 1219.55624pt x 741
.77126pt>
File: ./test2-sol-f-eps-converted-to.pdf Graphic file (type pdf)
<use ./test2-sol-f-eps-converted-to.pdf>
Package pdftex.def Info: ./test2-sol-f-eps-converted-to.pdf  used on input line
 256. on input line 256.
Package pdftex.def Info: Requested size: 166.67154pt x 101.36852pt on input lin
e 256.
Package epstopdf Info: Source file: <./test2-sol-q.eps>
(epstopdf)                    date: 2018-09-19 09:12:57
(epstopdf)                    size: 66209 bytes
(epstopdf)             Output file: <./test2-sol-q-eps-converted-to.pdf>
(epstopdf)                    date: 2018-09-19 09:12:57
(epstopdf)                    size: 24783 bytes
(epstopdf)             Command: <repstopdf --outfile=./test2-sol-q-eps-converte
d-to.pdf ./test2-sol-q.eps>
(epstopdf)             \includegraphics on input line 257.
Package epstopdf Info: Output file is already uptodate.
<./test2-sol-q-eps-converted-to.pdf, id=46, pagebox=cropbox, 1219.55624pt x 735
.74875pt>
File: ./test2-sol-q-eps-converted-to.pdf Graphic file (type pdf)
<use ./test2-sol-q-eps-converted-to.pdf>
Package pdftex.def Info: ./test2-sol-q-eps-converted-to.pdf  used on input line
 257. on input line 257.
Package pdftex.def Info: Requested size: 166.67154pt x 100.54549pt on input lin
e 257.
[3 <./sol-f-eps-converted-to.pdf> <./sol-q.pdf> <./test2-L2error-eps-converted-
to.pdf> <./test2-Linftyerror-eps-converted-to.pdf> <./test2-sol-f-eps-converted
-to.pdf> <./test2-sol-q-eps-converted-to.pdf>]
Package epstopdf Info: Source file: <./test3-Solution.eps>
(epstopdf)                    date: 2018-09-19 09:12:57
(epstopdf)                    size: 98044 bytes
(epstopdf)             Output file: <./test3-Solution-eps-converted-to.pdf>
(epstopdf)                    date: 2018-09-19 09:12:57
(epstopdf)                    size: 28744 bytes
(epstopdf)             Command: <repstopdf --outfile=./test3-Solution-eps-conve
rted-to.pdf ./test3-Solution.eps>
(epstopdf)             \includegraphics on input line 288.
Package epstopdf Info: Output file is already uptodate.
<./test3-Solution-eps-converted-to.pdf, id=80, pagebox=cropbox, 1004.75375pt x 
721.69624pt>
File: ./test3-Solution-eps-converted-to.pdf Graphic file (type pdf)
<use ./test3-Solution-eps-converted-to.pdf>
Package pdftex.def Info: ./test3-Solution-eps-converted-to.pdf  used on input l
ine 288. on input line 288.
Package pdftex.def Info: Requested size: 333.3431pt x 239.4269pt on input line 
288.
Package epstopdf Info: Source file: <./test3-TotalPartical.eps>
(epstopdf)                    date: 2018-09-19 09:12:57
(epstopdf)                    size: 36400 bytes
(epstopdf)             Output file: <./test3-TotalPartical-eps-converted-to.pdf
>
(epstopdf)                    date: 2018-09-19 09:12:57
(epstopdf)                    size: 9765 bytes
(epstopdf)             Command: <repstopdf --outfile=./test3-TotalPartical-eps-
converted-to.pdf ./test3-TotalPartical.eps>
(epstopdf)             \includegraphics on input line 289.
Package epstopdf Info: Output file is already uptodate.
<./test3-TotalPartical-eps-converted-to.pdf, id=81, pagebox=cropbox, 1159.33125
pt x 509.905pt>
File: ./test3-TotalPartical-eps-converted-to.pdf Graphic file (type pdf)
<use ./test3-TotalPartical-eps-converted-to.pdf>
Package pdftex.def Info: ./test3-TotalPartical-eps-converted-to.pdf  used on in
put line 289. on input line 289.
Package pdftex.def Info: Requested size: 333.33168pt x 222.2348pt on input line
 289.
 [4 <./test3-Solution-eps-converted-to.pdf> <./test3-TotalPartical-eps-converte
d-to.pdf>]
Package epstopdf Info: Source file: <./Diff-Deg5_Lev4.eps>
(epstopdf)                    date: 2018-09-19 09:12:57
(epstopdf)                    size: 22206 bytes
(epstopdf)             Output file: <./Diff-Deg5_Lev4-eps-converted-to.pdf>
(epstopdf)                    date: 2018-09-19 09:12:57
(epstopdf)                    size: 7265 bytes
(epstopdf)             Command: <repstopdf --outfile=./Diff-Deg5_Lev4-eps-conve
rted-to.pdf ./Diff-Deg5_Lev4.eps>
(epstopdf)             \includegraphics on input line 304.
Package epstopdf Info: Output file is already uptodate.
<./Diff-Deg5_Lev4-eps-converted-to.pdf, id=95, pagebox=cropbox, 996.72375pt x 7
21.69624pt>
File: ./Diff-Deg5_Lev4-eps-converted-to.pdf Graphic file (type pdf)
<use ./Diff-Deg5_Lev4-eps-converted-to.pdf>
Package pdftex.def Info: ./Diff-Deg5_Lev4-eps-converted-to.pdf  used on input l
ine 304. on input line 304.
Package pdftex.def Info: Requested size: 333.3431pt x 241.35403pt on input line
 304.
 [5 <./Diff-Deg5_Lev4-eps-converted-to.pdf>]
Package epstopdf Info: Source file: <./hyper-cf-Test1_v2.eps>
(epstopdf)                    date: 2018-09-19 09:12:57
(epstopdf)                    size: 170425 bytes
(epstopdf)             Output file: <./hyper-cf-Test1_v2-eps-converted-to.pdf>
(epstopdf)                    date: 2018-09-19 09:12:57
(epstopdf)                    size: 52051 bytes
(epstopdf)             Command: <repstopdf --outfile=./hyper-cf-Test1_v2-eps-co
nverted-to.pdf ./hyper-cf-Test1_v2.eps>
(epstopdf)             \includegraphics on input line 346.
Package epstopdf Info: Output file is already uptodate.
<./hyper-cf-Test1_v2-eps-converted-to.pdf, id=104, pagebox=cropbox, 1012.78375p
t x 747.79375pt>
File: ./hyper-cf-Test1_v2-eps-converted-to.pdf Graphic file (type pdf)
<use ./hyper-cf-Test1_v2-eps-converted-to.pdf>
Package pdftex.def Info: ./hyper-cf-Test1_v2-eps-converted-to.pdf  used on inpu
t line 346. on input line 346.
Package pdftex.def Info: Requested size: 351.86342pt x 259.79196pt on input lin
e 346.
Package epstopdf Info: Source file: <./hyper-uf-Test1_v2.eps>
(epstopdf)                    date: 2018-09-19 09:12:57
(epstopdf)                    size: 168068 bytes
(epstopdf)             Output file: <./hyper-uf-Test1_v2-eps-converted-to.pdf>
(epstopdf)                    date: 2018-09-19 09:12:57
(epstopdf)                    size: 50451 bytes
(epstopdf)             Command: <repstopdf --outfile=./hyper-uf-Test1_v2-eps-co
nverted-to.pdf ./hyper-uf-Test1_v2.eps>
(epstopdf)             \includegraphics on input line 363.
Package epstopdf Info: Output file is already uptodate.
<./hyper-uf-Test1_v2-eps-converted-to.pdf, id=105, pagebox=cropbox, 1007.765pt 
x 590.205pt>
File: ./hyper-uf-Test1_v2-eps-converted-to.pdf Graphic file (type pdf)
<use ./hyper-uf-Test1_v2-eps-converted-to.pdf>
Package pdftex.def Info: ./hyper-uf-Test1_v2-eps-converted-to.pdf  used on inpu
t line 363. on input line 363.
Package pdftex.def Info: Requested size: 351.86191pt x 240.74281pt on input lin
e 363.

Underfull \vbox (badness 10000) has occurred while \output is active []

 [6 <./hyper-cf-Test1_v2-eps-converted-to.pdf>]
Package epstopdf Info: Source file: <./hyper-CF-Test2_v2.eps>
(epstopdf)                    date: 2018-09-19 09:12:57
(epstopdf)                    size: 169056 bytes
(epstopdf)             Output file: <./hyper-CF-Test2_v2-eps-converted-to.pdf>
(epstopdf)                    date: 2018-09-19 09:12:57
(epstopdf)                    size: 16452 bytes
(epstopdf)             Command: <repstopdf --outfile=./hyper-CF-Test2_v2-eps-co
nverted-to.pdf ./hyper-CF-Test2_v2.eps>
(epstopdf)             \includegraphics on input line 425.
Package epstopdf Info: Output file is already uptodate.
<./hyper-CF-Test2_v2-eps-converted-to.pdf, id=114, pagebox=cropbox, 1012.78375p
t x 596.2275pt>
File: ./hyper-CF-Test2_v2-eps-converted-to.pdf Graphic file (type pdf)
<use ./hyper-CF-Test2_v2-eps-converted-to.pdf>
Package pdftex.def Info: ./hyper-CF-Test2_v2-eps-converted-to.pdf  used on inpu
t line 425. on input line 425.
Package pdftex.def Info: Requested size: 351.85248pt x 240.743pt on input line 
425.
Package epstopdf Info: Source file: <./hyper-UF-Test2_v2.eps>
(epstopdf)                    date: 2018-09-19 09:12:57
(epstopdf)                    size: 169894 bytes
(epstopdf)             Output file: <./hyper-UF-Test2_v2-eps-converted-to.pdf>
(epstopdf)                    date: 2018-09-19 09:12:57
(epstopdf)                    size: 14251 bytes
(epstopdf)             Command: <repstopdf --outfile=./hyper-UF-Test2_v2-eps-co
nverted-to.pdf ./hyper-UF-Test2_v2.eps>
(epstopdf)             \includegraphics on input line 442.
Package epstopdf Info: Output file is already uptodate.
<./hyper-UF-Test2_v2-eps-converted-to.pdf, id=115, pagebox=cropbox, 1012.78375p
t x 747.79375pt>
File: ./hyper-UF-Test2_v2-eps-converted-to.pdf Graphic file (type pdf)
<use ./hyper-UF-Test2_v2-eps-converted-to.pdf>
Package pdftex.def Info: ./hyper-UF-Test2_v2-eps-converted-to.pdf  used on inpu
t line 442. on input line 442.
Package pdftex.def Info: Requested size: 351.86342pt x 259.79196pt on input lin
e 442.
 [7 <./hyper-uf-Test1_v2-eps-converted-to.pdf> <./hyper-CF-Test2_v2-eps-convert
ed-to.pdf>]
Package epstopdf Info: Source file: <./HyperAdap_Lev4_Deg2.eps>
(epstopdf)                    date: 2018-09-19 09:12:57
(epstopdf)                    size: 328383 bytes
(epstopdf)             Output file: <./HyperAdap_Lev4_Deg2-eps-converted-to.pdf
>
(epstopdf)                    date: 2018-09-19 09:12:57
(epstopdf)                    size: 55523 bytes
(epstopdf)             Command: <repstopdf --outfile=./HyperAdap_Lev4_Deg2-eps-
converted-to.pdf ./HyperAdap_Lev4_Deg2.eps>
(epstopdf)             \includegraphics on input line 464.
Package epstopdf Info: Output file is already uptodate.
<./HyperAdap_Lev4_Deg2-eps-converted-to.pdf, id=130, pagebox=cropbox, 1007.765p
t x 721.69624pt>
File: ./HyperAdap_Lev4_Deg2-eps-converted-to.pdf Graphic file (type pdf)
<use ./HyperAdap_Lev4_Deg2-eps-converted-to.pdf>
Package pdftex.def Info: ./HyperAdap_Lev4_Deg2-eps-converted-to.pdf  used on in
put line 464. on input line 464.
Package pdftex.def Info: Requested size: 351.86191pt x 222.22586pt on input lin
e 464.

Underfull \vbox (badness 10000) has occurred while \output is active []

 [8 <./hyper-UF-Test2_v2-eps-converted-to.pdf>] [9 <./HyperAdap_Lev4_Deg2-eps-c
onverted-to.pdf>]
Package epstopdf Info: Source file: <./condiff-cf-E1.eps>
(epstopdf)                    date: 2018-09-19 09:12:57
(epstopdf)                    size: 62080 bytes
(epstopdf)             Output file: <./condiff-cf-E1-eps-converted-to.pdf>
(epstopdf)                    date: 2018-09-19 09:12:57
(epstopdf)                    size: 20058 bytes
(epstopdf)             Command: <repstopdf --outfile=./condiff-cf-E1-eps-conver
ted-to.pdf ./condiff-cf-E1.eps>
(epstopdf)             \includegraphics on input line 528.
Package epstopdf Info: Output file is already uptodate.
<./condiff-cf-E1-eps-converted-to.pdf, id=147, pagebox=cropbox, 1012.78375pt x 
721.69624pt>
File: ./condiff-cf-E1-eps-converted-to.pdf Graphic file (type pdf)
<use ./condiff-cf-E1-eps-converted-to.pdf>
Package pdftex.def Info: ./condiff-cf-E1-eps-converted-to.pdf  used on input li
ne 528. on input line 528.
Package pdftex.def Info: Requested size: 351.86342pt x 250.7254pt on input line
 528.
Package epstopdf Info: Source file: <./condiff-uf-E1_v2.eps>
(epstopdf)                    date: 2018-09-19 09:12:57
(epstopdf)                    size: 107351 bytes
(epstopdf)             Output file: <./condiff-uf-E1_v2-eps-converted-to.pdf>
(epstopdf)                    date: 2018-09-19 09:12:57
(epstopdf)                    size: 38570 bytes
(epstopdf)             Command: <repstopdf --outfile=./condiff-uf-E1_v2-eps-con
verted-to.pdf ./condiff-uf-E1_v2.eps>
(epstopdf)             \includegraphics on input line 536.
Package epstopdf Info: Output file is already uptodate.
<./condiff-uf-E1_v2-eps-converted-to.pdf, id=148, pagebox=cropbox, 1012.78375pt
 x 572.1375pt>
File: ./condiff-uf-E1_v2-eps-converted-to.pdf Graphic file (type pdf)
<use ./condiff-uf-E1_v2-eps-converted-to.pdf>
Package pdftex.def Info: ./condiff-uf-E1_v2-eps-converted-to.pdf  used on input
 line 536. on input line 536.
Package pdftex.def Info: Requested size: 351.86342pt x 198.767pt on input line 
536.

Underfull \vbox (badness 10000) has occurred while \output is active []

 [10 <./condiff-cf-E1-eps-converted-to.pdf>]
Package epstopdf Info: Source file: <./condiff-uf-E2_v2.eps>
(epstopdf)                    date: 2018-09-19 09:12:57
(epstopdf)                    size: 107490 bytes
(epstopdf)             Output file: <./condiff-uf-E2_v2-eps-converted-to.pdf>
(epstopdf)                    date: 2018-09-19 09:12:57
(epstopdf)                    size: 38490 bytes
(epstopdf)             Command: <repstopdf --outfile=./condiff-uf-E2_v2-eps-con
verted-to.pdf ./condiff-uf-E2_v2.eps>
(epstopdf)             \includegraphics on input line 544.
Package epstopdf Info: Output file is already uptodate.
<./condiff-uf-E2_v2-eps-converted-to.pdf, id=157, pagebox=cropbox, 1012.78375pt
 x 721.69624pt>
File: ./condiff-uf-E2_v2-eps-converted-to.pdf Graphic file (type pdf)
<use ./condiff-uf-E2_v2-eps-converted-to.pdf>
Package pdftex.def Info: ./condiff-uf-E2_v2-eps-converted-to.pdf  used on input
 line 544. on input line 544.
Package pdftex.def Info: Requested size: 351.86342pt x 250.7254pt on input line
 544.
Package epstopdf Info: Source file: <./condiff-uf-E4_v2.eps>
(epstopdf)                    date: 2018-09-19 09:12:57
(epstopdf)                    size: 108593 bytes
(epstopdf)             Output file: <./condiff-uf-E4_v2-eps-converted-to.pdf>
(epstopdf)                    date: 2018-09-19 09:12:57
(epstopdf)                    size: 36858 bytes
(epstopdf)             Command: <repstopdf --outfile=./condiff-uf-E4_v2-eps-con
verted-to.pdf ./condiff-uf-E4_v2.eps>
(epstopdf)             \includegraphics on input line 552.
Package epstopdf Info: Output file is already uptodate.
<./condiff-uf-E4_v2-eps-converted-to.pdf, id=158, pagebox=cropbox, 1012.78375pt
 x 721.69624pt>
File: ./condiff-uf-E4_v2-eps-converted-to.pdf Graphic file (type pdf)
<use ./condiff-uf-E4_v2-eps-converted-to.pdf>
Package pdftex.def Info: ./condiff-uf-E4_v2-eps-converted-to.pdf  used on input
 line 552. on input line 552.
Package pdftex.def Info: Requested size: 351.86342pt x 250.7254pt on input line
 552.

Underfull \vbox (badness 10000) has occurred while \output is active []

 [11 <./condiff-uf-E1_v2-eps-converted-to.pdf> <./condiff-uf-E2_v2-eps-converte
d-to.pdf>]
[12 <./condiff-uf-E4_v2-eps-converted-to.pdf>] (./SG-DG-RunAway.aux) ) 
Here is how much of TeX's memory you used:
 12633 strings out of 492990
 249940 string characters out of 6132636
 284381 words of memory out of 5000000
 15892 multiletter control sequences out of 15000+600000
 13698 words of font info for 51 fonts, out of 8000000 for 9000
 1141 hyphenation exceptions out of 8191
 55i,14n,54p,435b,321s stack positions out of 5000i,500n,10000p,200000b,80000s
</usr/loc
al/texlive/2017/texmf-dist/fonts/type1/public/amsfonts/cm/cmbx10.pfb></usr/loca
l/texlive/2017/texmf-dist/fonts/type1/public/amsfonts/cm/cmbx8.pfb></usr/local/
texlive/2017/texmf-dist/fonts/type1/public/amsfonts/cm/cmcsc10.pfb></usr/local/
texlive/2017/texmf-dist/fonts/type1/public/amsfonts/cm/cmex10.pfb></usr/local/t
exlive/2017/texmf-dist/fonts/type1/public/amsfonts/cm/cmmi10.pfb></usr/local/te
xlive/2017/texmf-dist/fonts/type1/public/amsfonts/cm/cmmi5.pfb></usr/local/texl
ive/2017/texmf-dist/fonts/type1/public/amsfonts/cm/cmmi7.pfb></usr/local/texliv
e/2017/texmf-dist/fonts/type1/public/amsfonts/cm/cmmi8.pfb></usr/local/texlive/
2017/texmf-dist/fonts/type1/public/amsfonts/cm/cmr10.pfb></usr/local/texlive/20
17/texmf-dist/fonts/type1/public/amsfonts/cm/cmr6.pfb></usr/local/texlive/2017/
texmf-dist/fonts/type1/public/amsfonts/cm/cmr7.pfb></usr/local/texlive/2017/tex
mf-dist/fonts/type1/public/amsfonts/cm/cmr8.pfb></usr/local/texlive/2017/texmf-
dist/fonts/type1/public/amsfonts/cm/cmsy10.pfb></usr/local/texlive/2017/texmf-d
ist/fonts/type1/public/amsfonts/cm/cmsy6.pfb></usr/local/texlive/2017/texmf-dis
t/fonts/type1/public/amsfonts/cm/cmsy7.pfb></usr/local/texlive/2017/texmf-dist/
fonts/type1/public/amsfonts/cm/cmti8.pfb></usr/local/texlive/2017/texmf-dist/fo
nts/type1/public/amsfonts/symbols/msbm10.pfb>
Output written on SG-DG-RunAway.pdf (12 pages, 652068 bytes).
PDF statistics:
 235 PDF objects out of 1000 (max. 8388607)
 162 compressed objects within 2 object streams
 0 named destinations out of 1000 (max. 500000)
 113 words of extra memory for PDF output out of 10000 (max. 10000000)

